<?xml version="1.0" encoding="UTF-8" standalone="yes"?><!DOCTYPE report PUBLIC "-//JACOCO//DTD Report 1.1//EN" "report.dtd"><report name="app"><sessioninfo id="MacBookAir-d8de90ea" start="1770861417053" dump="1770861433244"/><sessioninfo id="unknownhost-39ccf6e" start="1770861600101" dump="1770861820238"/><package name="com/smartsuschef/mobile/ui/datainput"><class name="com/smartsuschef/mobile/ui/datainput/RecentEntriesAdapter$RecentViewHolder" sourcefilename="RecentEntriesAdapter.kt"><method name="&lt;init&gt;" desc="(Lcom/smartsuschef/mobile/databinding/ItemRecentEntryBinding;)V" line="42"><counter type="INSTRUCTION" missed="0" covered="12"/><counter type="LINE" missed="0" covered="2"/><counter type="COMPLEXITY" missed="0" covered="1"/><counter type="METHOD" missed="0" covered="1"/></method><method name="bind" desc="(Lcom/smartsuschef/mobile/ui/datainput/RecentEntry;Lcom/smartsuschef/mobile/ui/datainput/RecentEntryActions;)V" line="48"><counter type="INSTRUCTION" missed="0" covered="45"/><counter type="LINE" missed="0" covered="6"/><counter type="COMPLEXITY" missed="0" covered="1"/><counter type="METHOD" missed="0" covered="1"/></method><method name="bind$lambda$0" desc="(Lcom/smartsuschef/mobile/ui/datainput/RecentEntryActions;Lcom/smartsuschef/mobile/ui/datainput/RecentEntry;Landroid/view/View;)V" line="52"><counter type="INSTRUCTION" missed="4" covered="0"/><counter type="LINE" missed="1" covered="0"/><counter type="COMPLEXITY" missed="1" covered="0"/><counter type="METHOD" missed="1" covered="0"/></method><method name="bind$lambda$1" desc="(Lcom/smartsuschef/mobile/ui/datainput/RecentEntryActions;Lcom/smartsuschef/mobile/ui/datainput/RecentEntry;Landroid/view/View;)V" line="53"><counter type="INSTRUCTION" missed="4" covered="0"/><counter type="LINE" missed="1" covered="0"/><counter type="COMPLEXITY" missed="1" covered="0"/><counter type="METHOD" missed="1" covered="0"/></method><counter type="INSTRUCTION" missed="8" covered="57"/><counter type="LINE" missed="0" covered="8"/><counter type="COMPLEXITY" missed="2" covered="2"/><counter type="METHOD" missed="2" covered="2"/><counter type="CLASS" missed="0" covered="1"/></class><class name="com/smartsuschef/mobile/ui/datainput/DataInputViewModel$submitData$1" sourcefilename="DataInputViewModel.kt"><method name="invokeSuspend" desc="(Ljava/lang/Object;)Ljava/lang/Object;" line="119"><counter type="INSTRUCTION" missed="0" covered="92"/><counter type="BRANCH" missed="1" covered="5"/><counter type="LINE" missed="0" covered="13"/><counter type="COMPLEXITY" missed="1" covered="3"/><counter type="METHOD" missed="0" covered="1"/></method><counter type="INSTRUCTION" missed="0" covered="92"/><counter type="BRANCH" missed="1" covered="5"/><counter type="LINE" missed="0" covered="13"/><counter type="COMPLEXITY" missed="1" covered="3"/><counter type="METHOD" missed="0" covered="1"/><counter type="CLASS" missed="0" covered="1"/></class><class name="com/smartsuschef/mobile/ui/datainput/RecentEntriesAdapter" sourcefilename="RecentEntriesAdapter.kt"><method name="&lt;init&gt;" desc="(Lcom/smartsuschef/mobile/ui/datainput/RecentEntryActions;)V" line="19"><counter type="INSTRUCTION" missed="0" covered="11"/><counter type="LINE" missed="0" covered="3"/><counter type="COMPLEXITY" missed="0" covered="1"/><counter type="METHOD" missed="0" covered="1"/></method><method name="onCreateViewHolder" desc="(Landroid/view/ViewGroup;I)Lcom/smartsuschef/mobile/ui/datainput/RecentEntriesAdapter$RecentViewHolder;" line="26"><counter type="INSTRUCTION" missed="0" covered="18"/><counter type="LINE" missed="0" covered="6"/><counter type="COMPLEXITY" missed="0" covered="1"/><counter type="METHOD" missed="0" covered="1"/></method><method name="onBindViewHolder" desc="(Lcom/smartsuschef/mobile/ui/datainput/RecentEntriesAdapter$RecentViewHolder;I)V" line="39"><counter type="INSTRUCTION" missed="0" covered="15"/><counter type="LINE" missed="0" covered="2"/><counter type="COMPLEXITY" missed="0" covered="1"/><counter type="METHOD" missed="0" covered="1"/></method><counter type="INSTRUCTION" missed="0" covered="44"/><counter type="LINE" missed="0" covered="11"/><counter type="COMPLEXITY" missed="0" covered="3"/><counter type="METHOD" missed="0" covered="3"/><counter type="CLASS" missed="0" covered="1"/></class><class name="com/smartsuschef/mobile/ui/datainput/RecentEntry" sourcefilename="RecentEntry.kt"><method name="&lt;init&gt;" desc="(Ljava/lang/String;Ljava/lang/String;DLjava/lang/String;Ljava/lang/String;Ljava/lang/String;ZZ)V" line="7"><counter type="INSTRUCTION" missed="0" covered="42"/><counter type="LINE" missed="0" covered="9"/><counter type="COMPLEXITY" missed="0" covered="1"/><counter type="METHOD" missed="0" covered="1"/></method><method name="&lt;init&gt;" desc="(Ljava/lang/String;Ljava/lang/String;DLjava/lang/String;Ljava/lang/String;Ljava/lang/String;ZZILkotlin/jvm/internal/DefaultConstructorMarker;)V" line="7"><counter type="INSTRUCTION" missed="0" covered="16"/><counter type="LINE" missed="0" covered="3"/><counter type="COMPLEXITY" missed="0" covered="1"/><counter type="METHOD" missed="0" covered="1"/></method><method name="getId" desc="()Ljava/lang/String;" line="8"><counter type="INSTRUCTION" missed="0" covered="3"/><counter type="LINE" missed="0" covered="1"/><counter type="COMPLEXITY" missed="0" covered="1"/><counter type="METHOD" missed="0" covered="1"/></method><method name="getName" desc="()Ljava/lang/String;" line="9"><counter type="INSTRUCTION" missed="0" covered="3"/><counter type="LINE" missed="0" covered="1"/><counter type="COMPLEXITY" missed="0" covered="1"/><counter type="METHOD" missed="0" covered="1"/></method><method name="getQuantity" desc="()D" line="10"><counter type="INSTRUCTION" missed="0" covered="3"/><counter type="LINE" missed="0" covered="1"/><counter type="COMPLEXITY" missed="0" covered="1"/><counter type="METHOD" missed="0" covered="1"/></method><method name="getUnit" desc="()Ljava/lang/String;" line="11"><counter type="INSTRUCTION" missed="0" covered="3"/><counter type="LINE" missed="0" covered="1"/><counter type="COMPLEXITY" missed="0" covered="1"/><counter type="METHOD" missed="0" covered="1"/></method><method name="getDate" desc="()Ljava/lang/String;" line="13"><counter type="INSTRUCTION" missed="3" covered="0"/><counter type="LINE" missed="1" covered="0"/><counter type="COMPLEXITY" missed="1" covered="0"/><counter type="METHOD" missed="1" covered="0"/></method><method name="getTime" desc="()Ljava/lang/String;" line="15"><counter type="INSTRUCTION" missed="0" covered="3"/><counter type="LINE" missed="0" covered="1"/><counter type="COMPLEXITY" missed="0" covered="1"/><counter type="METHOD" missed="0" covered="1"/></method><method name="isSales" desc="()Z" line="16"><counter type="INSTRUCTION" missed="0" covered="3"/><counter type="LINE" missed="0" covered="1"/><counter type="COMPLEXITY" missed="0" covered="1"/><counter type="METHOD" missed="0" covered="1"/></method><method name="isEditing" desc="()Z" line="18"><counter type="INSTRUCTION" missed="3" covered="0"/><counter type="LINE" missed="1" covered="0"/><counter type="COMPLEXITY" missed="1" covered="0"/><counter type="METHOD" missed="1" covered="0"/></method><method name="writeToParcel" desc="(Landroid/os/Parcel;I)V" line="19"><counter type="INSTRUCTION" missed="44" covered="0"/><counter type="BRANCH" missed="4" covered="0"/><counter type="LINE" missed="1" covered="0"/><counter type="COMPLEXITY" missed="3" covered="0"/><counter type="METHOD" missed="1" covered="0"/></method><method name="describeContents" desc="()I" line="6"><counter type="INSTRUCTION" missed="2" covered="0"/><counter type="LINE" missed="2" covered="0"/><counter type="COMPLEXITY" missed="1" covered="0"/><counter type="METHOD" missed="1" covered="0"/></method><counter type="INSTRUCTION" missed="52" covered="76"/><counter type="BRANCH" missed="4" covered="0"/><counter type="LINE" missed="1" covered="10"/><counter type="COMPLEXITY" missed="6" covered="8"/><counter type="METHOD" missed="4" covered="8"/><counter type="CLASS" missed="0" covered="1"/></class><class name="com/smartsuschef/mobile/ui/datainput/DataInputViewModel$deleteEntry$1" sourcefilename="DataInputViewModel.kt"><method name="invokeSuspend" desc="(Ljava/lang/Object;)Ljava/lang/Object;" line="241"><counter type="INSTRUCTION" missed="9" covered="85"/><counter type="BRANCH" missed="4" covered="6"/><counter type="LINE" missed="1" covered="14"/><counter type="COMPLEXITY" missed="3" covered="3"/><counter type="METHOD" missed="0" covered="1"/></method><counter type="INSTRUCTION" missed="9" covered="85"/><counter type="BRANCH" missed="4" covered="6"/><counter type="LINE" missed="1" covered="14"/><counter type="COMPLEXITY" missed="3" covered="3"/><counter type="METHOD" missed="0" covered="1"/><counter type="CLASS" missed="0" covered="1"/></class><class name="com/smartsuschef/mobile/ui/datainput/DataInputViewModel$submitWastageData$1" sourcefilename="DataInputViewModel.kt"/><class name="com/smartsuschef/mobile/ui/datainput/DataInputFragment" sourcefilename="DataInputFragment.kt"><method name="&lt;init&gt;" desc="()V" line="20"><counter type="INSTRUCTION" missed="0" covered="9"/><counter type="LINE" missed="0" covered="3"/><counter type="COMPLEXITY" missed="0" covered="1"/><counter type="METHOD" missed="0" covered="1"/></method><method name="getBinding" desc="()Lcom/smartsuschef/mobile/databinding/FragmentDataInputBinding;" line="23"><counter type="INSTRUCTION" missed="0" covered="5"/><counter type="LINE" missed="0" covered="1"/><counter type="COMPLEXITY" missed="0" covered="1"/><counter type="METHOD" missed="0" covered="1"/></method><method name="getViewModel" desc="()Lcom/smartsuschef/mobile/ui/datainput/DataInputViewModel;" line="24"><counter type="INSTRUCTION" missed="0" covered="7"/><counter type="LINE" missed="0" covered="1"/><counter type="COMPLEXITY" missed="0" covered="1"/><counter type="METHOD" missed="0" covered="1"/></method><method name="onViewCreated" desc="(Landroid/view/View;Landroid/os/Bundle;)V" line="37"><counter type="INSTRUCTION" missed="0" covered="20"/><counter type="LINE" missed="0" covered="7"/><counter type="COMPLEXITY" missed="0" covered="1"/><counter type="METHOD" missed="0" covered="1"/></method><method name="setupSpinners" desc="()V" line="47"><counter type="INSTRUCTION" missed="0" covered="48"/><counter type="LINE" missed="0" covered="7"/><counter type="COMPLEXITY" missed="0" covered="1"/><counter type="METHOD" missed="0" covered="1"/></method><method name="setupTabs" desc="()V" line="104"><counter type="INSTRUCTION" missed="0" covered="13"/><counter type="LINE" missed="0" covered="3"/><counter type="COMPLEXITY" missed="0" covered="1"/><counter type="METHOD" missed="0" covered="1"/></method><method name="updateSpinnerAdapter" desc="(ZLcom/smartsuschef/mobile/ui/datainput/WastageType;)V" line="130"><counter type="INSTRUCTION" missed="23" covered="39"/><counter type="BRANCH" missed="6" covered="10"/><counter type="LINE" missed="0" covered="10"/><counter type="COMPLEXITY" missed="6" covered="4"/><counter type="METHOD" missed="0" covered="1"/></method><method name="setupRecyclerView" desc="()V" line="145"><counter type="INSTRUCTION" missed="4" covered="33"/><counter type="BRANCH" missed="1" covered="1"/><counter type="LINE" missed="0" covered="6"/><counter type="COMPLEXITY" missed="1" covered="1"/><counter type="METHOD" missed="0" covered="1"/></method><method name="observeViewModel" desc="()V" line="153"><counter type="INSTRUCTION" missed="0" covered="9"/><counter type="LINE" missed="0" covered="5"/><counter type="COMPLEXITY" missed="0" covered="1"/><counter type="METHOD" missed="0" covered="1"/></method><method name="observeSpinnerData" desc="()V" line="160"><counter type="INSTRUCTION" missed="0" covered="43"/><counter type="LINE" missed="0" covered="4"/><counter type="COMPLEXITY" missed="0" covered="1"/><counter type="METHOD" missed="0" covered="1"/></method><method name="observeUiState" desc="()V" line="172"><counter type="INSTRUCTION" missed="0" covered="29"/><counter type="LINE" missed="0" covered="3"/><counter type="COMPLEXITY" missed="0" covered="1"/><counter type="METHOD" missed="0" covered="1"/></method><method name="observeActionsAndResults" desc="()V" line="185"><counter type="INSTRUCTION" missed="0" covered="29"/><counter type="LINE" missed="0" covered="3"/><counter type="COMPLEXITY" missed="0" covered="1"/><counter type="METHOD" missed="0" covered="1"/></method><method name="setupSaveButtonClickListener" desc="()V" line="201"><counter type="INSTRUCTION" missed="0" covered="7"/><counter type="LINE" missed="0" covered="2"/><counter type="COMPLEXITY" missed="0" covered="1"/><counter type="METHOD" missed="0" covered="1"/></method><method name="showOverwriteDialog" desc="(DLcom/smartsuschef/mobile/ui/datainput/RecentEntry;)V" line="236"><counter type="INSTRUCTION" missed="29" covered="0"/><counter type="LINE" missed="9" covered="0"/><counter type="COMPLEXITY" missed="1" covered="0"/><counter type="METHOD" missed="1" covered="0"/></method><method name="resetForm" desc="()V" line="253"><counter type="INSTRUCTION" missed="0" covered="25"/><counter type="LINE" missed="0" covered="6"/><counter type="COMPLEXITY" missed="0" covered="1"/><counter type="METHOD" missed="0" covered="1"/></method><method name="onEditClick" desc="(Lcom/smartsuschef/mobile/ui/datainput/RecentEntry;)V" line="261"><counter type="INSTRUCTION" missed="54" covered="0"/><counter type="BRANCH" missed="6" covered="0"/><counter type="LINE" missed="11" covered="0"/><counter type="COMPLEXITY" missed="4" covered="0"/><counter type="METHOD" missed="1" covered="0"/></method><method name="onDeleteClick" desc="(Lcom/smartsuschef/mobile/ui/datainput/RecentEntry;)V" line="280"><counter type="INSTRUCTION" missed="29" covered="0"/><counter type="LINE" missed="7" covered="0"/><counter type="COMPLEXITY" missed="1" covered="0"/><counter type="METHOD" missed="1" covered="0"/></method><method name="handleResource" desc="(Lcom/smartsuschef/mobile/util/Resource;Landroid/widget/ArrayAdapter;Ljava/lang/String;)V" line="298"><counter type="INSTRUCTION" missed="22" covered="52"/><counter type="BRANCH" missed="4" covered="8"/><counter type="LINE" missed="2" covered="14"/><counter type="COMPLEXITY" missed="4" covered="3"/><counter type="METHOD" missed="0" covered="1"/></method><method name="onDestroyView" desc="()V" line="319"><counter type="INSTRUCTION" missed="0" covered="6"/><counter type="LINE" missed="0" covered="3"/><counter type="COMPLEXITY" missed="0" covered="1"/><counter type="METHOD" missed="0" covered="1"/></method><method name="setupTabs$lambda$0" desc="(Lcom/smartsuschef/mobile/ui/datainput/DataInputFragment;Lcom/google/android/material/button/MaterialButtonToggleGroup;IZ)V" line="105"><counter type="INSTRUCTION" missed="0" covered="16"/><counter type="BRANCH" missed="0" covered="4"/><counter type="LINE" missed="0" covered="5"/><counter type="COMPLEXITY" missed="0" covered="3"/><counter type="METHOD" missed="0" covered="1"/></method><method name="setupTabs$lambda$1" desc="(Lcom/smartsuschef/mobile/ui/datainput/DataInputFragment;Lcom/google/android/material/button/MaterialButtonToggleGroup;IZ)V" line="113"><counter type="INSTRUCTION" missed="1" covered="22"/><counter type="BRANCH" missed="1" covered="5"/><counter type="LINE" missed="1" covered="8"/><counter type="COMPLEXITY" missed="1" covered="3"/><counter type="METHOD" missed="0" covered="1"/></method><method name="observeSpinnerData$lambda$3" desc="(Lcom/smartsuschef/mobile/ui/datainput/DataInputFragment;Lcom/smartsuschef/mobile/util/Resource;)Lkotlin/Unit;" line="161"><counter type="INSTRUCTION" missed="4" covered="12"/><counter type="BRANCH" missed="1" covered="1"/><counter type="LINE" missed="0" covered="2"/><counter type="COMPLEXITY" missed="1" covered="1"/><counter type="METHOD" missed="0" covered="1"/></method><method name="observeSpinnerData$lambda$4" desc="(Lcom/smartsuschef/mobile/ui/datainput/DataInputFragment;Lcom/smartsuschef/mobile/util/Resource;)Lkotlin/Unit;" line="164"><counter type="INSTRUCTION" missed="4" covered="12"/><counter type="BRANCH" missed="1" covered="1"/><counter type="LINE" missed="0" covered="2"/><counter type="COMPLEXITY" missed="1" covered="1"/><counter type="METHOD" missed="0" covered="1"/></method><method name="observeSpinnerData$lambda$5" desc="(Lcom/smartsuschef/mobile/ui/datainput/DataInputFragment;Lcom/smartsuschef/mobile/util/Resource;)Lkotlin/Unit;" line="167"><counter type="INSTRUCTION" missed="4" covered="12"/><counter type="BRANCH" missed="1" covered="1"/><counter type="LINE" missed="0" covered="2"/><counter type="COMPLEXITY" missed="1" covered="1"/><counter type="METHOD" missed="0" covered="1"/></method><method name="observeUiState$lambda$6" desc="(Lcom/smartsuschef/mobile/ui/datainput/DataInputFragment;Ljava/lang/Boolean;)Lkotlin/Unit;" line="173"><counter type="INSTRUCTION" missed="0" covered="42"/><counter type="BRANCH" missed="0" covered="4"/><counter type="LINE" missed="0" covered="4"/><counter type="COMPLEXITY" missed="0" covered="3"/><counter type="METHOD" missed="0" covered="1"/></method><method name="observeUiState$lambda$7" desc="(Lcom/smartsuschef/mobile/ui/datainput/DataInputFragment;Lcom/smartsuschef/mobile/ui/datainput/WastageType;)Lkotlin/Unit;" line="178"><counter type="INSTRUCTION" missed="0" covered="14"/><counter type="BRANCH" missed="0" covered="2"/><counter type="LINE" missed="0" covered="3"/><counter type="COMPLEXITY" missed="0" covered="2"/><counter type="METHOD" missed="0" covered="1"/></method><method name="observeActionsAndResults$lambda$8" desc="(Lcom/smartsuschef/mobile/ui/datainput/DataInputFragment;Ljava/util/List;)Lkotlin/Unit;" line="186"><counter type="INSTRUCTION" missed="4" covered="8"/><counter type="BRANCH" missed="1" covered="1"/><counter type="LINE" missed="0" covered="2"/><counter type="COMPLEXITY" missed="1" covered="1"/><counter type="METHOD" missed="0" covered="1"/></method><method name="observeActionsAndResults$lambda$9" desc="(Lcom/smartsuschef/mobile/ui/datainput/DataInputFragment;Lcom/smartsuschef/mobile/util/Resource;)Lkotlin/Unit;" line="189"><counter type="INSTRUCTION" missed="6" covered="44"/><counter type="BRANCH" missed="2" covered="6"/><counter type="LINE" missed="0" covered="7"/><counter type="COMPLEXITY" missed="2" covered="3"/><counter type="METHOD" missed="0" covered="1"/></method><method name="setupSaveButtonClickListener$lambda$10" desc="(Lcom/smartsuschef/mobile/ui/datainput/DataInputFragment;Landroid/view/View;)V" line="202"><counter type="INSTRUCTION" missed="19" covered="89"/><counter type="BRANCH" missed="6" covered="14"/><counter type="LINE" missed="3" covered="14"/><counter type="COMPLEXITY" missed="6" covered="5"/><counter type="METHOD" missed="0" covered="1"/></method><method name="showOverwriteDialog$lambda$11" desc="(Lcom/smartsuschef/mobile/ui/datainput/DataInputFragment;DLcom/smartsuschef/mobile/ui/datainput/RecentEntry;Landroid/content/DialogInterface;I)V" line="243"><counter type="INSTRUCTION" missed="9" covered="0"/><counter type="LINE" missed="3" covered="0"/><counter type="COMPLEXITY" missed="1" covered="0"/><counter type="METHOD" missed="1" covered="0"/></method><method name="showOverwriteDialog$lambda$12" desc="(Landroid/content/DialogInterface;I)V" line="247"><counter type="INSTRUCTION" missed="3" covered="0"/><counter type="LINE" missed="2" covered="0"/><counter type="COMPLEXITY" missed="1" covered="0"/><counter type="METHOD" missed="1" covered="0"/></method><method name="onDeleteClick$lambda$13" desc="(Lcom/smartsuschef/mobile/ui/datainput/DataInputFragment;Lcom/smartsuschef/mobile/ui/datainput/RecentEntry;Landroid/content/DialogInterface;I)V" line="284"><counter type="INSTRUCTION" missed="7" covered="0"/><counter type="LINE" missed="3" covered="0"/><counter type="COMPLEXITY" missed="1" covered="0"/><counter type="METHOD" missed="1" covered="0"/></method><method name="onDeleteClick$lambda$14" desc="(Landroid/content/DialogInterface;I)V" line="288"><counter type="INSTRUCTION" missed="3" covered="0"/><counter type="LINE" missed="2" covered="0"/><counter type="COMPLEXITY" missed="1" covered="0"/><counter type="METHOD" missed="1" covered="0"/></method><counter type="INSTRUCTION" missed="225" covered="645"/><counter type="BRANCH" missed="30" covered="58"/><counter type="LINE" missed="43" covered="126"/><counter type="COMPLEXITY" missed="34" covered="44"/><counter type="METHOD" missed="7" covered="26"/><counter type="CLASS" missed="0" covered="1"/></class><class name="com/smartsuschef/mobile/ui/datainput/DataInputViewModel$fetchRecipes$1" sourcefilename="DataInputViewModel.kt"><method name="invokeSuspend" desc="(Ljava/lang/Object;)Ljava/lang/Object;" line="274"><counter type="INSTRUCTION" missed="11" covered="120"/><counter type="BRANCH" missed="5" covered="7"/><counter type="LINE" missed="1" covered="13"/><counter type="COMPLEXITY" missed="4" covered="3"/><counter type="METHOD" missed="0" covered="1"/></method><counter type="INSTRUCTION" missed="11" covered="120"/><counter type="BRANCH" missed="5" covered="7"/><counter type="LINE" missed="1" covered="13"/><counter type="COMPLEXITY" missed="4" covered="3"/><counter type="METHOD" missed="0" covered="1"/><counter type="CLASS" missed="0" covered="1"/></class><class name="com/smartsuschef/mobile/ui/datainput/WastageType" sourcefilename="DataInputViewModel.kt"><method name="getEntries" desc="()Lkotlin/enums/EnumEntries;" line="32"><counter type="INSTRUCTION" missed="2" covered="0"/><counter type="LINE" missed="1" covered="0"/><counter type="COMPLEXITY" missed="1" covered="0"/><counter type="METHOD" missed="1" covered="0"/></method><method name="&lt;clinit&gt;" desc="()V" line="29"><counter type="INSTRUCTION" missed="0" covered="25"/><counter type="LINE" missed="0" covered="3"/><counter type="COMPLEXITY" missed="0" covered="1"/><counter type="METHOD" missed="0" covered="1"/></method><counter type="INSTRUCTION" missed="2" covered="25"/><counter type="LINE" missed="1" covered="3"/><counter type="COMPLEXITY" missed="1" covered="1"/><counter type="METHOD" missed="1" covered="1"/><counter type="CLASS" missed="0" covered="1"/></class><class name="com/smartsuschef/mobile/ui/datainput/DataInputFragment$setupSpinners$1" sourcefilename="DataInputFragment.kt"><method name="&lt;init&gt;" desc="(Lcom/smartsuschef/mobile/ui/datainput/DataInputFragment;)V" line="53"><counter type="INSTRUCTION" missed="0" covered="6"/><counter type="LINE" missed="0" covered="1"/><counter type="COMPLEXITY" missed="0" covered="1"/><counter type="METHOD" missed="0" covered="1"/></method><method name="onItemSelected" desc="(Landroid/widget/AdapterView;Landroid/view/View;IJ)V" line="60"><counter type="INSTRUCTION" missed="90" covered="216"/><counter type="BRANCH" missed="37" covered="29"/><counter type="LINE" missed="3" covered="19"/><counter type="COMPLEXITY" missed="31" covered="4"/><counter type="METHOD" missed="0" covered="1"/></method><method name="onNothingSelected" desc="(Landroid/widget/AdapterView;)V" line="98"><counter type="INSTRUCTION" missed="7" covered="0"/><counter type="LINE" missed="2" covered="0"/><counter type="COMPLEXITY" missed="1" covered="0"/><counter type="METHOD" missed="1" covered="0"/></method><counter type="INSTRUCTION" missed="97" covered="222"/><counter type="BRANCH" missed="37" covered="29"/><counter type="LINE" missed="5" covered="20"/><counter type="COMPLEXITY" missed="32" covered="5"/><counter type="METHOD" missed="1" covered="2"/><counter type="CLASS" missed="0" covered="1"/></class><class name="com/smartsuschef/mobile/ui/datainput/RecentEntriesAdapter$DiffCallback" sourcefilename="RecentEntriesAdapter.kt"><method name="areItemsTheSame" desc="(Lcom/smartsuschef/mobile/ui/datainput/RecentEntry;Lcom/smartsuschef/mobile/ui/datainput/RecentEntry;)Z" line="61"><counter type="INSTRUCTION" missed="12" covered="0"/><counter type="LINE" missed="1" covered="0"/><counter type="COMPLEXITY" missed="1" covered="0"/><counter type="METHOD" missed="1" covered="0"/></method><method name="areContentsTheSame" desc="(Lcom/smartsuschef/mobile/ui/datainput/RecentEntry;Lcom/smartsuschef/mobile/ui/datainput/RecentEntry;)Z" line="66"><counter type="INSTRUCTION" missed="10" covered="0"/><counter type="LINE" missed="1" covered="0"/><counter type="COMPLEXITY" missed="1" covered="0"/><counter type="METHOD" missed="1" covered="0"/></method><counter type="INSTRUCTION" missed="22" covered="0"/><counter type="LINE" missed="2" covered="0"/><counter type="COMPLEXITY" missed="2" covered="0"/><counter type="METHOD" missed="2" covered="0"/><counter type="CLASS" missed="1" covered="0"/></class><class name="com/smartsuschef/mobile/ui/datainput/DataInputViewModel" sourcefilename="DataInputViewModel.kt"><method name="&lt;init&gt;" desc="(Lcom/smartsuschef/mobile/data/repository/SalesRepository;Lcom/smartsuschef/mobile/data/repository/WastageRepository;Lcom/smartsuschef/mobile/data/repository/IngredientsRepository;Lcom/smartsuschef/mobile/data/repository/RecipesRepository;)V" line="36"><counter type="INSTRUCTION" missed="0" covered="134"/><counter type="LINE" missed="0" covered="30"/><counter type="COMPLEXITY" missed="0" covered="1"/><counter type="METHOD" missed="0" covered="1"/></method><method name="isSalesMode" desc="()Landroidx/lifecycle/LiveData;" line="49"><counter type="INSTRUCTION" missed="0" covered="3"/><counter type="LINE" missed="0" covered="1"/><counter type="COMPLEXITY" missed="0" covered="1"/><counter type="METHOD" missed="0" covered="1"/></method><method name="getWastageType" desc="()Landroidx/lifecycle/LiveData;" line="53"><counter type="INSTRUCTION" missed="0" covered="3"/><counter type="LINE" missed="0" covered="1"/><counter type="COMPLEXITY" missed="0" covered="1"/><counter type="METHOD" missed="0" covered="1"/></method><method name="getIngredients" desc="()Landroidx/lifecycle/LiveData;" line="57"><counter type="INSTRUCTION" missed="0" covered="3"/><counter type="LINE" missed="0" covered="1"/><counter type="COMPLEXITY" missed="0" covered="1"/><counter type="METHOD" missed="0" covered="1"/></method><method name="getMainRecipes" desc="()Landroidx/lifecycle/LiveData;" line="60"><counter type="INSTRUCTION" missed="0" covered="3"/><counter type="LINE" missed="0" covered="1"/><counter type="COMPLEXITY" missed="0" covered="1"/><counter type="METHOD" missed="0" covered="1"/></method><method name="getSubRecipes" desc="()Landroidx/lifecycle/LiveData;" line="63"><counter type="INSTRUCTION" missed="0" covered="3"/><counter type="LINE" missed="0" covered="1"/><counter type="COMPLEXITY" missed="0" covered="1"/><counter type="METHOD" missed="0" covered="1"/></method><method name="getSelectedItemId" desc="()Landroidx/lifecycle/LiveData;" line="67"><counter type="INSTRUCTION" missed="0" covered="3"/><counter type="LINE" missed="0" covered="1"/><counter type="COMPLEXITY" missed="0" covered="1"/><counter type="METHOD" missed="0" covered="1"/></method><method name="getSelectedItemName" desc="()Landroidx/lifecycle/LiveData;" line="70"><counter type="INSTRUCTION" missed="0" covered="3"/><counter type="LINE" missed="0" covered="1"/><counter type="COMPLEXITY" missed="0" covered="1"/><counter type="METHOD" missed="0" covered="1"/></method><method name="getRecentEntries" desc="()Landroidx/lifecycle/LiveData;" line="74"><counter type="INSTRUCTION" missed="0" covered="3"/><counter type="LINE" missed="0" covered="1"/><counter type="COMPLEXITY" missed="0" covered="1"/><counter type="METHOD" missed="0" covered="1"/></method><method name="getSubmitStatus" desc="()Landroidx/lifecycle/LiveData;" line="77"><counter type="INSTRUCTION" missed="0" covered="3"/><counter type="LINE" missed="0" covered="1"/><counter type="COMPLEXITY" missed="0" covered="1"/><counter type="METHOD" missed="0" covered="1"/></method><method name="setMode" desc="(Z)V" line="89"><counter type="INSTRUCTION" missed="0" covered="16"/><counter type="LINE" missed="0" covered="5"/><counter type="COMPLEXITY" missed="0" covered="1"/><counter type="METHOD" missed="0" covered="1"/></method><method name="setWastageType" desc="(Lcom/smartsuschef/mobile/ui/datainput/WastageType;)V" line="97"><counter type="INSTRUCTION" missed="0" covered="16"/><counter type="LINE" missed="0" covered="4"/><counter type="COMPLEXITY" missed="0" covered="1"/><counter type="METHOD" missed="0" covered="1"/></method><method name="onItemSelected" desc="(Ljava/lang/String;Ljava/lang/String;)V" line="106"><counter type="INSTRUCTION" missed="0" covered="15"/><counter type="LINE" missed="0" covered="3"/><counter type="COMPLEXITY" missed="0" covered="1"/><counter type="METHOD" missed="0" covered="1"/></method><method name="findExistingEntry" desc="(Ljava/lang/String;)Lcom/smartsuschef/mobile/ui/datainput/RecentEntry;" line="111"><counter type="INSTRUCTION" missed="3" covered="45"/><counter type="BRANCH" missed="4" covered="6"/><counter type="LINE" missed="0" covered="2"/><counter type="COMPLEXITY" missed="4" covered="2"/><counter type="METHOD" missed="0" covered="1"/></method><method name="submitData" desc="(DLjava/lang/String;)V" line="119"><counter type="INSTRUCTION" missed="0" covered="18"/><counter type="LINE" missed="0" covered="2"/><counter type="COMPLEXITY" missed="0" covered="1"/><counter type="METHOD" missed="0" covered="1"/></method><method name="submitData$default" desc="(Lcom/smartsuschef/mobile/ui/datainput/DataInputViewModel;DLjava/lang/String;ILjava/lang/Object;)V" line="115"><counter type="INSTRUCTION" missed="0" covered="10"/><counter type="LINE" missed="0" covered="2"/><counter type="COMPLEXITY" missed="0" covered="1"/><counter type="METHOD" missed="0" covered="1"/></method><method name="submitSalesData" desc="(Ljava/lang/String;ILjava/lang/String;Lkotlin/coroutines/Continuation;)Ljava/lang/Object;" line="145"><counter type="INSTRUCTION" missed="1" covered="44"/><counter type="BRANCH" missed="1" covered="5"/><counter type="LINE" missed="0" covered="8"/><counter type="COMPLEXITY" missed="1" covered="3"/><counter type="METHOD" missed="0" covered="1"/></method><method name="submitWastageData" desc="(Ljava/lang/String;DLjava/lang/String;Lkotlin/coroutines/Continuation;)Ljava/lang/Object;" line="164"><counter type="INSTRUCTION" missed="13" covered="101"/><counter type="BRANCH" missed="4" covered="13"/><counter type="LINE" missed="1" covered="21"/><counter type="COMPLEXITY" missed="4" covered="6"/><counter type="METHOD" missed="0" covered="1"/></method><method name="handleSubmissionResult" desc="(Lcom/smartsuschef/mobile/util/Resource;Ljava/lang/String;DLjava/lang/String;)V" line="203"><counter type="INSTRUCTION" missed="14" covered="142"/><counter type="BRANCH" missed="7" covered="13"/><counter type="LINE" missed="3" covered="23"/><counter type="COMPLEXITY" missed="6" covered="5"/><counter type="METHOD" missed="0" covered="1"/></method><method name="deleteEntry" desc="(Lcom/smartsuschef/mobile/ui/datainput/RecentEntry;)V" line="241"><counter type="INSTRUCTION" missed="0" covered="20"/><counter type="LINE" missed="0" covered="2"/><counter type="COMPLEXITY" missed="0" covered="1"/><counter type="METHOD" missed="0" covered="1"/></method><method name="fetchIngredients" desc="()V" line="267"><counter type="INSTRUCTION" missed="0" covered="16"/><counter type="LINE" missed="0" covered="2"/><counter type="COMPLEXITY" missed="0" covered="1"/><counter type="METHOD" missed="0" covered="1"/></method><method name="fetchRecipes" desc="()V" line="274"><counter type="INSTRUCTION" missed="0" covered="16"/><counter type="LINE" missed="0" covered="2"/><counter type="COMPLEXITY" missed="0" covered="1"/><counter type="METHOD" missed="0" covered="1"/></method><method name="loadTodayEntries" desc="()V" line="294"><counter type="INSTRUCTION" missed="0" covered="16"/><counter type="LINE" missed="0" covered="2"/><counter type="COMPLEXITY" missed="0" covered="1"/><counter type="METHOD" missed="0" covered="1"/></method><method name="extractTime" desc="(Ljava/lang/String;)Ljava/lang/String;" line="343"><counter type="INSTRUCTION" missed="2" covered="41"/><counter type="BRANCH" missed="2" covered="2"/><counter type="LINE" missed="0" covered="8"/><counter type="COMPLEXITY" missed="2" covered="1"/><counter type="METHOD" missed="0" covered="1"/></method><method name="loadRecentEntries" desc="()V" line="355"><counter type="INSTRUCTION" missed="2" covered="28"/><counter type="BRANCH" missed="1" covered="3"/><counter type="LINE" missed="0" covered="3"/><counter type="COMPLEXITY" missed="1" covered="2"/><counter type="METHOD" missed="0" covered="1"/></method><counter type="INSTRUCTION" missed="35" covered="705"/><counter type="BRANCH" missed="19" covered="42"/><counter type="LINE" missed="4" covered="119"/><counter type="COMPLEXITY" missed="18" covered="38"/><counter type="METHOD" missed="0" covered="25"/><counter type="CLASS" missed="0" covered="1"/></class><class name="com/smartsuschef/mobile/ui/datainput/RecentEntry$Creator" sourcefilename="RecentEntry.kt"/><class name="com/smartsuschef/mobile/ui/datainput/DataInputViewModel$fetchIngredients$1" sourcefilename="DataInputViewModel.kt"><method name="invokeSuspend" desc="(Ljava/lang/Object;)Ljava/lang/Object;" line="268"><counter type="INSTRUCTION" missed="0" covered="28"/><counter type="LINE" missed="0" covered="3"/><counter type="COMPLEXITY" missed="0" covered="1"/><counter type="METHOD" missed="0" covered="1"/></method><counter type="INSTRUCTION" missed="0" covered="28"/><counter type="LINE" missed="0" covered="3"/><counter type="COMPLEXITY" missed="0" covered="1"/><counter type="METHOD" missed="0" covered="1"/><counter type="CLASS" missed="0" covered="1"/></class><class name="com/smartsuschef/mobile/ui/datainput/DataInputViewModel$loadTodayEntries$1" sourcefilename="DataInputViewModel.kt"><method name="invokeSuspend" desc="(Ljava/lang/Object;)Ljava/lang/Object;" line="294"><counter type="INSTRUCTION" missed="4" covered="151"/><counter type="BRANCH" missed="2" covered="6"/><counter type="LINE" missed="0" covered="33"/><counter type="COMPLEXITY" missed="2" covered="3"/><counter type="METHOD" missed="0" covered="1"/></method><counter type="INSTRUCTION" missed="4" covered="151"/><counter type="BRANCH" missed="2" covered="6"/><counter type="LINE" missed="0" covered="33"/><counter type="COMPLEXITY" missed="2" covered="3"/><counter type="METHOD" missed="0" covered="1"/><counter type="CLASS" missed="0" covered="1"/></class><class name="com/smartsuschef/mobile/ui/datainput/DataInputViewModel$Companion" sourcefilename="DataInputViewModel.kt"/><class name="com/smartsuschef/mobile/ui/datainput/RecentEntryActions" sourcefilename="RecentEntriesAdapter.kt"/><class name="com/smartsuschef/mobile/ui/datainput/DataInputFragment$special$$inlined$viewModels$default$5" sourcefilename="FragmentViewModelLazy.kt"><method name="invoke" desc="()Landroidx/lifecycle/ViewModelProvider$Factory;" line="121"><counter type="INSTRUCTION" missed="5" covered="16"/><counter type="BRANCH" missed="3" covered="3"/><counter type="LINE" missed="1" covered="1"/><counter type="COMPLEXITY" missed="3" covered="1"/><counter type="METHOD" missed="0" covered="1"/></method><counter type="INSTRUCTION" missed="5" covered="16"/><counter type="BRANCH" missed="3" covered="3"/><counter type="LINE" missed="1" covered="1"/><counter type="COMPLEXITY" missed="3" covered="1"/><counter type="METHOD" missed="0" covered="1"/><counter type="CLASS" missed="0" covered="1"/></class><class name="com/smartsuschef/mobile/ui/datainput/DataInputFragment$special$$inlined$viewModels$default$4" sourcefilename="FragmentViewModelLazy.kt"><method name="invoke" desc="()Landroidx/lifecycle/viewmodel/CreationExtras;" line="116"><counter type="INSTRUCTION" missed="8" covered="20"/><counter type="BRANCH" missed="5" covered="3"/><counter type="LINE" missed="1" covered="2"/><counter type="COMPLEXITY" missed="4" covered="1"/><counter type="METHOD" missed="0" covered="1"/></method><counter type="INSTRUCTION" missed="8" covered="20"/><counter type="BRANCH" missed="5" covered="3"/><counter type="LINE" missed="1" covered="2"/><counter type="COMPLEXITY" missed="4" covered="1"/><counter type="METHOD" missed="0" covered="1"/><counter type="CLASS" missed="0" covered="1"/></class><class name="com/smartsuschef/mobile/ui/datainput/DataInputFragment$special$$inlined$viewModels$default$3" sourcefilename="FragmentViewModelLazy.kt"><method name="invoke" desc="()Landroidx/lifecycle/ViewModelStore;" line="114"><counter type="INSTRUCTION" missed="0" covered="5"/><counter type="LINE" missed="0" covered="1"/><counter type="COMPLEXITY" missed="0" covered="1"/><counter type="METHOD" missed="0" covered="1"/></method><counter type="INSTRUCTION" missed="0" covered="5"/><counter type="LINE" missed="0" covered="1"/><counter type="COMPLEXITY" missed="0" covered="1"/><counter type="METHOD" missed="0" covered="1"/><counter type="CLASS" missed="0" covered="1"/></class><class name="com/smartsuschef/mobile/ui/datainput/DataInputFragment$special$$inlined$viewModels$default$2" sourcefilename="FragmentViewModelLazy.kt"><method name="invoke" desc="()Landroidx/lifecycle/ViewModelStoreOwner;" line="111"><counter type="INSTRUCTION" missed="0" covered="5"/><counter type="LINE" missed="0" covered="1"/><counter type="COMPLEXITY" missed="0" covered="1"/><counter type="METHOD" missed="0" covered="1"/></method><counter type="INSTRUCTION" missed="0" covered="5"/><counter type="LINE" missed="0" covered="1"/><counter type="COMPLEXITY" missed="0" covered="1"/><counter type="METHOD" missed="0" covered="1"/><counter type="CLASS" missed="0" covered="1"/></class><class name="com/smartsuschef/mobile/ui/datainput/DataInputFragment$special$$inlined$viewModels$default$1" sourcefilename="FragmentViewModelLazy.kt"><method name="invoke" desc="()Landroidx/fragment/app/Fragment;" line="107"><counter type="INSTRUCTION" missed="0" covered="3"/><counter type="LINE" missed="0" covered="1"/><counter type="COMPLEXITY" missed="0" covered="1"/><counter type="METHOD" missed="0" covered="1"/></method><counter type="INSTRUCTION" missed="0" covered="3"/><counter type="LINE" missed="0" covered="1"/><counter type="COMPLEXITY" missed="0" covered="1"/><counter type="METHOD" missed="0" covered="1"/><counter type="CLASS" missed="0" covered="1"/></class><sourcefile name="FragmentViewModelLazy.kt"><line nr="107" mi="0" ci="3" mb="0" cb="0"/><line nr="111" mi="0" ci="5" mb="0" cb="0"/><line nr="114" mi="0" ci="5" mb="0" cb="0"/><line nr="116" mi="5" ci="5" mb="3" cb="1"/><line nr="117" mi="1" ci="15" mb="2" cb="2"/><line nr="118" mi="2" ci="0" mb="0" cb="0"/><line nr="121" mi="2" ci="16" mb="3" cb="3"/><line nr="122" mi="3" ci="0" mb="0" cb="0"/><counter type="INSTRUCTION" missed="13" covered="49"/><counter type="BRANCH" missed="8" covered="6"/><counter type="LINE" missed="2" covered="6"/><counter type="COMPLEXITY" missed="7" covered="5"/><counter type="METHOD" missed="0" covered="5"/><counter type="CLASS" missed="0" covered="5"/></sourcefile><sourcefile name="DataInputViewModel.kt"><line nr="29" mi="0" ci="6" mb="0" cb="0"/><line nr="30" mi="0" ci="6" mb="0" cb="0"/><line nr="31" mi="0" ci="13" mb="0" cb="0"/><line nr="32" mi="1" ci="0" mb="0" cb="0"/><line nr="36" mi="0" ci="1" mb="0" cb="0"/><line nr="38" mi="0" ci="3" mb="0" cb="0"/><line nr="39" mi="0" ci="3" mb="0" cb="0"/><line nr="40" mi="0" ci="3" mb="0" cb="0"/><line nr="41" mi="0" ci="3" mb="0" cb="0"/><line nr="42" mi="0" ci="2" mb="0" cb="0"/><line nr="48" mi="0" ci="7" mb="0" cb="0"/><line nr="49" mi="0" ci="8" mb="0" cb="0"/><line nr="52" mi="0" ci="6" mb="0" cb="0"/><line nr="53" mi="0" ci="8" mb="0" cb="0"/><line nr="56" mi="0" ci="5" mb="0" cb="0"/><line nr="57" mi="0" ci="8" mb="0" cb="0"/><line nr="59" mi="0" ci="5" mb="0" cb="0"/><line nr="60" mi="0" ci="8" mb="0" cb="0"/><line nr="62" mi="0" ci="5" mb="0" cb="0"/><line nr="63" mi="0" ci="8" mb="0" cb="0"/><line nr="66" mi="0" ci="5" mb="0" cb="0"/><line nr="67" mi="0" ci="8" mb="0" cb="0"/><line nr="69" mi="0" ci="5" mb="0" cb="0"/><line nr="70" mi="0" ci="8" mb="0" cb="0"/><line nr="73" mi="0" ci="5" mb="0" cb="0"/><line nr="74" mi="0" ci="8" mb="0" cb="0"/><line nr="76" mi="0" ci="5" mb="0" cb="0"/><line nr="77" mi="0" ci="8" mb="0" cb="0"/><line nr="80" mi="0" ci="6" mb="0" cb="0"/><line nr="82" mi="0" ci="1" mb="0" cb="0"/><line nr="83" mi="0" ci="2" mb="0" cb="0"/><line nr="84" mi="0" ci="2" mb="0" cb="0"/><line nr="85" mi="0" ci="2" mb="0" cb="0"/><line nr="86" mi="0" ci="1" mb="0" cb="0"/><line nr="89" mi="0" ci="5" mb="0" cb="0"/><line nr="90" mi="0" ci="4" mb="0" cb="0"/><line nr="91" mi="0" ci="4" mb="0" cb="0"/><line nr="93" mi="0" ci="2" mb="0" cb="0"/><line nr="94" mi="0" ci="1" mb="0" cb="0"/><line nr="97" mi="0" ci="4" mb="0" cb="0"/><line nr="98" mi="0" ci="4" mb="0" cb="0"/><line nr="99" mi="0" ci="4" mb="0" cb="0"/><line nr="100" mi="0" ci="1" mb="0" cb="0"/><line nr="106" mi="0" ci="4" mb="0" cb="0"/><line nr="107" mi="0" ci="4" mb="0" cb="0"/><line nr="108" mi="0" ci="1" mb="0" cb="0"/><line nr="111" mi="2" ci="9" mb="1" cb="1"/><line nr="112" mi="1" ci="33" mb="3" cb="5"/><line nr="115" mi="0" ci="8" mb="0" cb="0"/><line nr="117" mi="0" ci="2" mb="0" cb="0"/><line nr="119" mi="0" ci="18" mb="0" cb="0"/><line nr="120" mi="0" ci="7" mb="0" cb="0"/><line nr="121" mi="0" ci="6" mb="0" cb="0"/><line nr="122" mi="0" ci="6" mb="0" cb="0"/><line nr="124" mi="0" ci="4" mb="1" cb="3"/><line nr="125" mi="0" ci="11" mb="0" cb="0"/><line nr="126" mi="0" ci="2" mb="0" cb="0"/><line nr="129" mi="0" ci="1" mb="0" cb="0"/><line nr="130" mi="0" ci="8" mb="0" cb="2"/><line nr="131" mi="0" ci="19" mb="0" cb="0"/><line nr="133" mi="0" ci="16" mb="0" cb="0"/><line nr="136" mi="0" ci="9" mb="0" cb="0"/><line nr="137" mi="0" ci="2" mb="0" cb="0"/><line nr="138" mi="0" ci="1" mb="0" cb="0"/><line nr="145" mi="0" ci="10" mb="0" cb="0"/><line nr="146" mi="0" ci="3" mb="0" cb="2"/><line nr="147" mi="1" ci="14" mb="1" cb="1"/><line nr="149" mi="0" ci="8" mb="0" cb="2"/><line nr="150" mi="0" ci="4" mb="0" cb="0"/><line nr="151" mi="0" ci="3" mb="0" cb="0"/><line nr="152" mi="0" ci="1" mb="0" cb="0"/><line nr="153" mi="0" ci="1" mb="0" cb="0"/><line nr="164" mi="0" ci="10" mb="0" cb="0"/><line nr="165" mi="0" ci="3" mb="0" cb="2"/><line nr="166" mi="0" ci="9" mb="0" cb="2"/><line nr="167" mi="0" ci="8" mb="0" cb="0"/><line nr="168" mi="0" ci="1" mb="0" cb="0"/><line nr="169" mi="0" ci="4" mb="0" cb="0"/><line nr="170" mi="0" ci="3" mb="0" cb="0"/><line nr="171" mi="0" ci="5" mb="0" cb="2"/><line nr="172" mi="0" ci="5" mb="0" cb="2"/><line nr="173" mi="0" ci="1" mb="0" cb="0"/><line nr="177" mi="0" ci="1" mb="0" cb="0"/><line nr="178" mi="3" ci="11" mb="2" cb="3"/><line nr="180" mi="0" ci="7" mb="0" cb="0"/><line nr="181" mi="0" ci="3" mb="0" cb="0"/><line nr="182" mi="0" ci="1" mb="0" cb="0"/><line nr="183" mi="0" ci="1" mb="0" cb="0"/><line nr="186" mi="0" ci="7" mb="0" cb="0"/><line nr="187" mi="0" ci="3" mb="0" cb="0"/><line nr="188" mi="0" ci="1" mb="0" cb="0"/><line nr="189" mi="0" ci="1" mb="0" cb="0"/><line nr="191" mi="1" ci="0" mb="0" cb="0"/><line nr="193" mi="9" ci="16" mb="2" cb="2"/><line nr="203" mi="4" ci="2" mb="0" cb="0"/><line nr="204" mi="0" ci="3" mb="0" cb="2"/><line nr="205" mi="2" ci="9" mb="1" cb="1"/><line nr="206" mi="0" ci="1" mb="0" cb="0"/><line nr="207" mi="0" ci="4" mb="0" cb="0"/><line nr="208" mi="0" ci="7" mb="0" cb="2"/><line nr="209" mi="0" ci="1" mb="0" cb="0"/><line nr="211" mi="0" ci="10" mb="0" cb="0"/><line nr="212" mi="0" ci="10" mb="0" cb="0"/><line nr="214" mi="0" ci="1" mb="0" cb="0"/><line nr="215" mi="1" ci="6" mb="1" cb="1"/><line nr="216" mi="0" ci="7" mb="0" cb="2"/><line nr="217" mi="0" ci="7" mb="1" cb="1"/><line nr="218" mi="1" ci="0" mb="0" cb="0"/><line nr="219" mi="1" ci="0" mb="0" cb="0"/><line nr="221" mi="0" ci="18" mb="0" cb="0"/><line nr="223" mi="0" ci="11" mb="0" cb="0"/><line nr="224" mi="0" ci="3" mb="0" cb="2"/><line nr="225" mi="0" ci="7" mb="0" cb="0"/><line nr="227" mi="0" ci="5" mb="0" cb="0"/><line nr="230" mi="0" ci="8" mb="0" cb="0"/><line nr="231" mi="0" ci="3" mb="0" cb="0"/><line nr="233" mi="0" ci="3" mb="1" cb="1"/><line nr="234" mi="2" ci="15" mb="1" cb="1"/><line nr="236" mi="3" ci="0" mb="2" cb="0"/><line nr="238" mi="0" ci="1" mb="0" cb="0"/><line nr="241" mi="0" ci="17" mb="0" cb="0"/><line nr="242" mi="0" ci="7" mb="0" cb="0"/><line nr="243" mi="0" ci="1" mb="0" cb="0"/><line nr="244" mi="0" ci="4" mb="0" cb="2"/><line nr="245" mi="0" ci="14" mb="0" cb="0"/><line nr="247" mi="0" ci="12" mb="0" cb="0"/><line nr="250" mi="4" ci="2" mb="0" cb="0"/><line nr="251" mi="0" ci="3" mb="0" cb="2"/><line nr="252" mi="0" ci="7" mb="0" cb="0"/><line nr="253" mi="0" ci="9" mb="0" cb="0"/><line nr="254" mi="0" ci="4" mb="0" cb="0"/><line nr="256" mi="0" ci="3" mb="1" cb="1"/><line nr="257" mi="2" ci="16" mb="1" cb="1"/><line nr="259" mi="3" ci="0" mb="2" cb="0"/><line nr="261" mi="0" ci="2" mb="0" cb="0"/><line nr="262" mi="0" ci="1" mb="0" cb="0"/><line nr="267" mi="0" ci="15" mb="0" cb="0"/><line nr="268" mi="0" ci="7" mb="0" cb="0"/><line nr="269" mi="0" ci="19" mb="0" cb="0"/><line nr="270" mi="0" ci="2" mb="0" cb="0"/><line nr="271" mi="0" ci="1" mb="0" cb="0"/><line nr="274" mi="0" ci="17" mb="0" cb="0"/><line nr="275" mi="0" ci="7" mb="0" cb="0"/><line nr="276" mi="0" ci="7" mb="0" cb="0"/><line nr="277" mi="4" ci="9" mb="0" cb="0"/><line nr="278" mi="0" ci="3" mb="0" cb="2"/><line nr="279" mi="2" ci="7" mb="1" cb="1"/><line nr="280" mi="0" ci="30" mb="0" cb="2"/><line nr="281" mi="0" ci="27" mb="0" cb="0"/><line nr="283" mi="0" ci="3" mb="1" cb="1"/><line nr="284" mi="2" ci="12" mb="1" cb="1"/><line nr="285" mi="0" ci="5" mb="0" cb="0"/><line nr="286" mi="0" ci="6" mb="0" cb="0"/><line nr="288" mi="3" ci="0" mb="2" cb="0"/><line nr="290" mi="0" ci="2" mb="0" cb="0"/><line nr="291" mi="0" ci="1" mb="0" cb="0"/><line nr="294" mi="0" ci="19" mb="0" cb="0"/><line nr="295" mi="0" ci="10" mb="0" cb="0"/><line nr="296" mi="0" ci="5" mb="0" cb="0"/><line nr="298" mi="0" ci="17" mb="0" cb="0"/><line nr="299" mi="0" ci="3" mb="0" cb="2"/><line nr="300" mi="2" ci="13" mb="1" cb="1"/><line nr="301" mi="0" ci="3" mb="0" cb="0"/><line nr="302" mi="0" ci="6" mb="0" cb="0"/><line nr="303" mi="0" ci="2" mb="0" cb="0"/><line nr="304" mi="0" ci="2" mb="0" cb="0"/><line nr="305" mi="0" ci="3" mb="0" cb="0"/><line nr="306" mi="0" ci="1" mb="0" cb="0"/><line nr="307" mi="0" ci="2" mb="0" cb="0"/><line nr="308" mi="0" ci="4" mb="0" cb="0"/><line nr="309" mi="0" ci="1" mb="0" cb="0"/><line nr="312" mi="0" ci="1" mb="0" cb="0"/><line nr="317" mi="0" ci="17" mb="0" cb="0"/><line nr="318" mi="0" ci="3" mb="0" cb="2"/><line nr="319" mi="2" ci="13" mb="1" cb="1"/><line nr="320" mi="0" ci="3" mb="0" cb="0"/><line nr="321" mi="0" ci="6" mb="0" cb="0"/><line nr="322" mi="0" ci="2" mb="0" cb="0"/><line nr="323" mi="0" ci="2" mb="0" cb="0"/><line nr="324" mi="0" ci="2" mb="0" cb="0"/><line nr="325" mi="0" ci="2" mb="0" cb="0"/><line nr="326" mi="0" ci="2" mb="0" cb="0"/><line nr="327" mi="0" ci="4" mb="0" cb="0"/><line nr="328" mi="0" ci="1" mb="0" cb="0"/><line nr="331" mi="0" ci="1" mb="0" cb="0"/><line nr="336" mi="0" ci="4" mb="0" cb="0"/><line nr="337" mi="0" ci="7" mb="0" cb="0"/><line nr="338" mi="0" ci="3" mb="0" cb="0"/><line nr="339" mi="0" ci="2" mb="0" cb="0"/><line nr="340" mi="0" ci="1" mb="0" cb="0"/><line nr="343" mi="0" ci="2" mb="0" cb="0"/><line nr="344" mi="0" ci="6" mb="0" cb="0"/><line nr="345" mi="0" ci="6" mb="0" cb="0"/><line nr="346" mi="0" ci="4" mb="0" cb="0"/><line nr="347" mi="2" ci="12" mb="2" cb="2"/><line nr="348" mi="0" ci="1" mb="0" cb="0"/><line nr="349" mi="0" ci="7" mb="0" cb="0"/><line nr="350" mi="0" ci="3" mb="0" cb="0"/><line nr="355" mi="2" ci="9" mb="1" cb="1"/><line nr="356" mi="0" ci="18" mb="0" cb="2"/><line nr="357" mi="0" ci="1" mb="0" cb="0"/><counter type="INSTRUCTION" missed="61" covered="1206"/><counter type="BRANCH" missed="31" covered="66"/><counter type="LINE" missed="7" covered="194"/><counter type="COMPLEXITY" missed="29" covered="52"/><counter type="METHOD" missed="1" covered="31"/><counter type="CLASS" missed="0" covered="7"/></sourcefile><sourcefile name="RecentEntry.kt"><line nr="6" mi="1" ci="0" mb="0" cb="0"/><line nr="7" mi="0" ci="16" mb="0" cb="0"/><line nr="8" mi="0" ci="6" mb="0" cb="0"/><line nr="9" mi="0" ci="6" mb="0" cb="0"/><line nr="10" mi="0" ci="6" mb="0" cb="0"/><line nr="11" mi="0" ci="6" mb="0" cb="0"/><line nr="13" mi="3" ci="3" mb="0" cb="0"/><line nr="15" mi="0" ci="6" mb="0" cb="0"/><line nr="16" mi="0" ci="6" mb="0" cb="0"/><line nr="18" mi="3" ci="5" mb="0" cb="0"/><line nr="19" mi="2" ci="1" mb="0" cb="0"/><counter type="INSTRUCTION" missed="52" covered="76"/><counter type="BRANCH" missed="4" covered="0"/><counter type="LINE" missed="1" covered="10"/><counter type="COMPLEXITY" missed="6" covered="8"/><counter type="METHOD" missed="4" covered="8"/><counter type="CLASS" missed="0" covered="1"/></sourcefile><sourcefile name="RecentEntriesAdapter.kt"><line nr="19" mi="0" ci="1" mb="0" cb="0"/><line nr="20" mi="0" ci="3" mb="0" cb="0"/><line nr="21" mi="0" ci="4" mb="0" cb="0"/><line nr="26" mi="0" ci="1" mb="0" cb="0"/><line nr="27" mi="0" ci="4" mb="0" cb="0"/><line nr="28" mi="0" ci="3" mb="0" cb="0"/><line nr="29" mi="0" ci="1" mb="0" cb="0"/><line nr="30" mi="0" ci="1" mb="0" cb="0"/><line nr="32" mi="0" ci="5" mb="0" cb="0"/><line nr="39" mi="0" ci="11" mb="0" cb="0"/><line nr="40" mi="0" ci="1" mb="0" cb="0"/><line nr="42" mi="0" ci="4" mb="0" cb="0"/><line nr="43" mi="0" ci="5" mb="0" cb="0"/><line nr="48" mi="0" ci="7" mb="0" cb="0"/><line nr="49" mi="0" ci="10" mb="0" cb="0"/><line nr="50" mi="0" ci="7" mb="0" cb="0"/><line nr="52" mi="4" ci="7" mb="0" cb="0"/><line nr="53" mi="4" ci="7" mb="0" cb="0"/><line nr="54" mi="0" ci="1" mb="0" cb="0"/><line nr="61" mi="6" ci="0" mb="0" cb="0"/><line nr="66" mi="4" ci="0" mb="0" cb="0"/><counter type="INSTRUCTION" missed="30" covered="101"/><counter type="LINE" missed="2" covered="19"/><counter type="COMPLEXITY" missed="4" covered="5"/><counter type="METHOD" missed="4" covered="5"/><counter type="CLASS" missed="1" covered="2"/></sourcefile><sourcefile name="DataInputFragment.kt"><line nr="20" mi="0" ci="1" mb="0" cb="0"/><line nr="21" mi="0" ci="3" mb="0" cb="0"/><line nr="23" mi="0" ci="5" mb="0" cb="0"/><line nr="24" mi="0" ci="12" mb="0" cb="0"/><line nr="37" mi="0" ci="3" mb="0" cb="0"/><line nr="38" mi="0" ci="4" mb="0" cb="0"/><line nr="40" mi="0" ci="2" mb="0" cb="0"/><line nr="41" mi="0" ci="2" mb="0" cb="0"/><line nr="42" mi="0" ci="2" mb="0" cb="0"/><line nr="43" mi="0" ci="2" mb="0" cb="0"/><line nr="44" mi="0" ci="1" mb="0" cb="0"/><line nr="47" mi="0" ci="2" mb="0" cb="0"/><line nr="48" mi="0" ci="12" mb="0" cb="0"/><line nr="49" mi="0" ci="12" mb="0" cb="0"/><line nr="50" mi="0" ci="12" mb="0" cb="0"/><line nr="52" mi="0" ci="4" mb="0" cb="0"/><line nr="53" mi="0" ci="8" mb="0" cb="0"/><line nr="60" mi="0" ci="2" mb="0" cb="2"/><line nr="61" mi="0" ci="6" mb="0" cb="0"/><line nr="62" mi="0" ci="1" mb="0" cb="0"/><line nr="64" mi="2" ci="8" mb="1" cb="1"/><line nr="65" mi="2" ci="11" mb="1" cb="1"/><line nr="66" mi="0" ci="7" mb="0" cb="0"/><line nr="68" mi="0" ci="9" mb="0" cb="0"/><line nr="69" mi="0" ci="1" mb="0" cb="0"/><line nr="70" mi="0" ci="2" mb="0" cb="2"/><line nr="71" mi="3" ci="36" mb="4" cb="4"/><line nr="72" mi="4" ci="14" mb="2" cb="2"/><line nr="75" mi="3" ci="8" mb="3" cb="3"/><line nr="77" mi="3" ci="36" mb="4" cb="4"/><line nr="78" mi="4" ci="14" mb="2" cb="2"/><line nr="81" mi="39" ci="0" mb="8" cb="0"/><line nr="82" mi="18" ci="0" mb="4" cb="0"/><line nr="85" mi="3" ci="36" mb="4" cb="4"/><line nr="86" mi="4" ci="14" mb="2" cb="2"/><line nr="88" mi="5" ci="0" mb="0" cb="0"/><line nr="92" mi="0" ci="4" mb="2" cb="2"/><line nr="93" mi="0" ci="6" mb="0" cb="0"/><line nr="95" mi="0" ci="1" mb="0" cb="0"/><line nr="98" mi="6" ci="0" mb="0" cb="0"/><line nr="99" mi="1" ci="0" mb="0" cb="0"/><line nr="101" mi="0" ci="1" mb="0" cb="0"/><line nr="104" mi="0" ci="6" mb="0" cb="0"/><line nr="105" mi="0" ci="2" mb="0" cb="2"/><line nr="106" mi="0" ci="7" mb="0" cb="2"/><line nr="107" mi="0" ci="4" mb="0" cb="0"/><line nr="108" mi="0" ci="2" mb="0" cb="0"/><line nr="110" mi="0" ci="1" mb="0" cb="0"/><line nr="112" mi="0" ci="6" mb="0" cb="0"/><line nr="113" mi="0" ci="2" mb="0" cb="2"/><line nr="114" mi="0" ci="1" mb="0" cb="0"/><line nr="115" mi="0" ci="2" mb="0" cb="0"/><line nr="116" mi="0" ci="5" mb="0" cb="2"/><line nr="117" mi="0" ci="5" mb="1" cb="1"/><line nr="118" mi="1" ci="0" mb="0" cb="0"/><line nr="120" mi="0" ci="4" mb="0" cb="0"/><line nr="121" mi="0" ci="2" mb="0" cb="0"/><line nr="123" mi="0" ci="1" mb="0" cb="0"/><line nr="124" mi="0" ci="1" mb="0" cb="0"/><line nr="130" mi="0" ci="4" mb="0" cb="0"/><line nr="131" mi="0" ci="2" mb="0" cb="2"/><line nr="132" mi="4" ci="6" mb="1" cb="1"/><line nr="134" mi="3" ci="8" mb="2" cb="4"/><line nr="135" mi="5" ci="4" mb="1" cb="1"/><line nr="136" mi="5" ci="4" mb="1" cb="1"/><line nr="137" mi="5" ci="4" mb="1" cb="1"/><line nr="138" mi="1" ci="1" mb="0" cb="0"/><line nr="141" mi="0" ci="5" mb="0" cb="0"/><line nr="142" mi="0" ci="1" mb="0" cb="0"/><line nr="145" mi="0" ci="7" mb="0" cb="0"/><line nr="146" mi="0" ci="9" mb="0" cb="0"/><line nr="147" mi="4" ci="7" mb="1" cb="1"/><line nr="148" mi="0" ci="8" mb="0" cb="0"/><line nr="149" mi="0" ci="1" mb="0" cb="0"/><line nr="150" mi="0" ci="1" mb="0" cb="0"/><line nr="153" mi="0" ci="2" mb="0" cb="0"/><line nr="154" mi="0" ci="2" mb="0" cb="0"/><line nr="155" mi="0" ci="2" mb="0" cb="0"/><line nr="156" mi="0" ci="2" mb="0" cb="0"/><line nr="157" mi="0" ci="1" mb="0" cb="0"/><line nr="160" mi="0" ci="14" mb="0" cb="0"/><line nr="161" mi="4" ci="10" mb="1" cb="1"/><line nr="162" mi="0" ci="2" mb="0" cb="0"/><line nr="163" mi="0" ci="14" mb="0" cb="0"/><line nr="164" mi="4" ci="10" mb="1" cb="1"/><line nr="165" mi="0" ci="2" mb="0" cb="0"/><line nr="166" mi="0" ci="14" mb="0" cb="0"/><line nr="167" mi="4" ci="10" mb="1" cb="1"/><line nr="168" mi="0" ci="2" mb="0" cb="0"/><line nr="169" mi="0" ci="1" mb="0" cb="0"/><line nr="172" mi="0" ci="14" mb="0" cb="0"/><line nr="173" mi="0" ci="17" mb="0" cb="2"/><line nr="174" mi="0" ci="12" mb="0" cb="2"/><line nr="175" mi="0" ci="11" mb="0" cb="0"/><line nr="176" mi="0" ci="2" mb="0" cb="0"/><line nr="177" mi="0" ci="14" mb="0" cb="0"/><line nr="178" mi="0" ci="8" mb="0" cb="2"/><line nr="179" mi="0" ci="4" mb="0" cb="0"/><line nr="181" mi="0" ci="2" mb="0" cb="0"/><line nr="182" mi="0" ci="1" mb="0" cb="0"/><line nr="185" mi="0" ci="14" mb="0" cb="0"/><line nr="186" mi="4" ci="6" mb="1" cb="1"/><line nr="187" mi="0" ci="2" mb="0" cb="0"/><line nr="188" mi="0" ci="14" mb="0" cb="0"/><line nr="189" mi="4" ci="2" mb="0" cb="0"/><line nr="190" mi="0" ci="3" mb="0" cb="2"/><line nr="191" mi="2" ci="14" mb="1" cb="1"/><line nr="192" mi="0" ci="3" mb="0" cb="0"/><line nr="194" mi="0" ci="17" mb="0" cb="2"/><line nr="195" mi="0" ci="3" mb="1" cb="1"/><line nr="197" mi="0" ci="2" mb="0" cb="0"/><line nr="198" mi="0" ci="1" mb="0" cb="0"/><line nr="201" mi="0" ci="6" mb="0" cb="0"/><line nr="202" mi="0" ci="7" mb="0" cb="0"/><line nr="204" mi="0" ci="7" mb="0" cb="4"/><line nr="205" mi="0" ci="10" mb="0" cb="0"/><line nr="206" mi="0" ci="1" mb="0" cb="0"/><line nr="208" mi="0" ci="6" mb="0" cb="0"/><line nr="209" mi="0" ci="6" mb="0" cb="0"/><line nr="211" mi="2" ci="22" mb="4" cb="8"/><line nr="212" mi="0" ci="10" mb="0" cb="0"/><line nr="213" mi="0" ci="1" mb="0" cb="0"/><line nr="217" mi="0" ci="3" mb="1" cb="1"/><line nr="218" mi="10" ci="0" mb="0" cb="0"/><line nr="219" mi="1" ci="0" mb="0" cb="0"/><line nr="223" mi="0" ci="5" mb="0" cb="0"/><line nr="224" mi="0" ci="2" mb="1" cb="1"/><line nr="225" mi="6" ci="0" mb="0" cb="0"/><line nr="227" mi="0" ci="8" mb="0" cb="0"/><line nr="229" mi="0" ci="1" mb="0" cb="0"/><line nr="230" mi="0" ci="1" mb="0" cb="0"/><line nr="236" mi="1" ci="0" mb="0" cb="0"/><line nr="238" mi="3" ci="0" mb="0" cb="0"/><line nr="239" mi="5" ci="0" mb="0" cb="0"/><line nr="240" mi="3" ci="0" mb="0" cb="0"/><line nr="241" mi="3" ci="0" mb="0" cb="0"/><line nr="242" mi="7" ci="0" mb="0" cb="0"/><line nr="243" mi="6" ci="0" mb="0" cb="0"/><line nr="244" mi="2" ci="0" mb="0" cb="0"/><line nr="245" mi="1" ci="0" mb="0" cb="0"/><line nr="246" mi="4" ci="0" mb="0" cb="0"/><line nr="247" mi="2" ci="0" mb="0" cb="0"/><line nr="248" mi="1" ci="0" mb="0" cb="0"/><line nr="249" mi="2" ci="0" mb="0" cb="0"/><line nr="250" mi="1" ci="0" mb="0" cb="0"/><line nr="253" mi="0" ci="5" mb="0" cb="0"/><line nr="254" mi="0" ci="5" mb="0" cb="0"/><line nr="255" mi="0" ci="5" mb="0" cb="0"/><line nr="256" mi="0" ci="6" mb="0" cb="0"/><line nr="257" mi="0" ci="3" mb="0" cb="0"/><line nr="258" mi="0" ci="1" mb="0" cb="0"/><line nr="261" mi="3" ci="0" mb="0" cb="0"/><line nr="263" mi="8" ci="0" mb="0" cb="0"/><line nr="266" mi="1" ci="0" mb="0" cb="0"/><line nr="267" mi="12" ci="0" mb="2" cb="0"/><line nr="268" mi="2" ci="0" mb="2" cb="0"/><line nr="269" mi="5" ci="0" mb="0" cb="0"/><line nr="270" mi="3" ci="0" mb="2" cb="0"/><line nr="271" mi="5" ci="0" mb="0" cb="0"/><line nr="274" mi="5" ci="0" mb="0" cb="0"/><line nr="276" mi="6" ci="0" mb="0" cb="0"/><line nr="277" mi="1" ci="0" mb="0" cb="0"/><line nr="280" mi="5" ci="0" mb="0" cb="0"/><line nr="281" mi="3" ci="0" mb="0" cb="0"/><line nr="282" mi="5" ci="0" mb="0" cb="0"/><line nr="283" mi="6" ci="0" mb="0" cb="0"/><line nr="284" mi="4" ci="0" mb="0" cb="0"/><line nr="285" mi="2" ci="0" mb="0" cb="0"/><line nr="286" mi="1" ci="0" mb="0" cb="0"/><line nr="287" mi="4" ci="0" mb="0" cb="0"/><line nr="288" mi="2" ci="0" mb="0" cb="0"/><line nr="289" mi="1" ci="0" mb="0" cb="0"/><line nr="290" mi="2" ci="0" mb="0" cb="0"/><line nr="291" mi="1" ci="0" mb="0" cb="0"/><line nr="298" mi="4" ci="2" mb="0" cb="0"/><line nr="299" mi="0" ci="3" mb="0" cb="2"/><line nr="300" mi="0" ci="2" mb="0" cb="0"/><line nr="301" mi="0" ci="3" mb="0" cb="0"/><line nr="302" mi="0" ci="2" mb="0" cb="0"/><line nr="303" mi="1" ci="13" mb="1" cb="1"/><line nr="304" mi="0" ci="2" mb="0" cb="0"/><line nr="305" mi="0" ci="7" mb="0" cb="2"/><line nr="306" mi="0" ci="7" mb="1" cb="1"/><line nr="307" mi="1" ci="0" mb="0" cb="0"/><line nr="308" mi="0" ci="1" mb="0" cb="0"/><line nr="309" mi="2" ci="0" mb="0" cb="0"/><line nr="311" mi="0" ci="3" mb="0" cb="0"/><line nr="313" mi="14" ci="3" mb="1" cb="1"/><line nr="314" mi="0" ci="3" mb="1" cb="1"/><line nr="316" mi="0" ci="1" mb="0" cb="0"/><line nr="319" mi="0" ci="1" mb="0" cb="0"/><line nr="320" mi="0" ci="3" mb="0" cb="0"/><line nr="321" mi="0" ci="1" mb="0" cb="0"/><counter type="INSTRUCTION" missed="322" covered="867"/><counter type="BRANCH" missed="67" covered="87"/><counter type="LINE" missed="48" covered="145"/><counter type="COMPLEXITY" missed="66" covered="49"/><counter type="METHOD" missed="8" covered="28"/><counter type="CLASS" missed="0" covered="2"/></sourcefile><counter type="INSTRUCTION" missed="478" covered="2299"/><counter type="BRANCH" missed="110" covered="159"/><counter type="LINE" missed="60" covered="374"/><counter type="COMPLEXITY" missed="112" covered="119"/><counter type="METHOD" missed="17" covered="77"/><counter type="CLASS" missed="1" covered="17"/></package><package name="com/smartsuschef/mobile/data/repository"><class name="com/smartsuschef/mobile/data/repository/RecipesRepository" sourcefilename="RecipesRepository.kt"><method name="&lt;init&gt;" desc="(Lcom/smartsuschef/mobile/network/api/RecipeApiService;)V" line="15"><counter type="INSTRUCTION" missed="0" covered="9"/><counter type="LINE" missed="0" covered="2"/><counter type="COMPLEXITY" missed="0" covered="1"/><counter type="METHOD" missed="0" covered="1"/></method><method name="getAll" desc="(Lkotlin/coroutines/Continuation;)Ljava/lang/Object;" line="24"><counter type="INSTRUCTION" missed="0" covered="11"/><counter type="LINE" missed="0" covered="1"/><counter type="COMPLEXITY" missed="0" covered="1"/><counter type="METHOD" missed="0" covered="1"/></method><method name="create" desc="(Lcom/smartsuschef/mobile/network/dto/CreateRecipeRequest;Lkotlin/coroutines/Continuation;)Ljava/lang/Object;" line="47"><counter type="INSTRUCTION" missed="0" covered="12"/><counter type="LINE" missed="0" covered="1"/><counter type="COMPLEXITY" missed="0" covered="1"/><counter type="METHOD" missed="0" covered="1"/></method><counter type="INSTRUCTION" missed="0" covered="32"/><counter type="LINE" missed="0" covered="4"/><counter type="COMPLEXITY" missed="0" covered="3"/><counter type="METHOD" missed="0" covered="3"/><counter type="CLASS" missed="0" covered="1"/></class><class name="com/smartsuschef/mobile/data/repository/UsersRepository$updateUser$2" sourcefilename="UsersRepository.kt"><method name="invokeSuspend" desc="(Ljava/lang/Object;)Ljava/lang/Object;" line="47"><counter type="INSTRUCTION" missed="25" covered="91"/><counter type="BRANCH" missed="2" covered="4"/><counter type="LINE" missed="2" covered="15"/><counter type="COMPLEXITY" missed="2" covered="2"/><counter type="METHOD" missed="0" covered="1"/></method><counter type="INSTRUCTION" missed="25" covered="91"/><counter type="BRANCH" missed="2" covered="4"/><counter type="LINE" missed="2" covered="15"/><counter type="COMPLEXITY" missed="2" covered="2"/><counter type="METHOD" missed="0" covered="1"/><counter type="CLASS" missed="0" covered="1"/></class><class name="com/smartsuschef/mobile/data/repository/UsersRepository$getCurrentUser$2" sourcefilename="UsersRepository.kt"><method name="invokeSuspend" desc="(Ljava/lang/Object;)Ljava/lang/Object;" line="24"><counter type="INSTRUCTION" missed="25" covered="89"/><counter type="BRANCH" missed="2" covered="4"/><counter type="LINE" missed="2" covered="15"/><counter type="COMPLEXITY" missed="2" covered="2"/><counter type="METHOD" missed="0" covered="1"/></method><counter type="INSTRUCTION" missed="25" covered="89"/><counter type="BRANCH" missed="2" covered="4"/><counter type="LINE" missed="2" covered="15"/><counter type="COMPLEXITY" missed="2" covered="2"/><counter type="METHOD" missed="0" covered="1"/><counter type="CLASS" missed="0" covered="1"/></class><class name="com/smartsuschef/mobile/data/repository/RecipesRepository$Companion" sourcefilename="RecipesRepository.kt"/><class name="com/smartsuschef/mobile/data/repository/IngredientsRepository$getAll$2" sourcefilename="IngredientsRepository.kt"><method name="invokeSuspend" desc="(Ljava/lang/Object;)Ljava/lang/Object;" line="24"><counter type="INSTRUCTION" missed="27" covered="90"/><counter type="BRANCH" missed="3" covered="5"/><counter type="LINE" missed="2" covered="15"/><counter type="COMPLEXITY" missed="3" covered="2"/><counter type="METHOD" missed="0" covered="1"/></method><counter type="INSTRUCTION" missed="27" covered="90"/><counter type="BRANCH" missed="3" covered="5"/><counter type="LINE" missed="2" covered="15"/><counter type="COMPLEXITY" missed="3" covered="2"/><counter type="METHOD" missed="0" covered="1"/><counter type="CLASS" missed="0" covered="1"/></class><class name="com/smartsuschef/mobile/data/repository/SalesRepository$getIngredientUsageByDate$2" sourcefilename="SalesRepository.kt"><method name="invokeSuspend" desc="(Ljava/lang/Object;)Ljava/lang/Object;" line="80"><counter type="INSTRUCTION" missed="48" covered="71"/><counter type="BRANCH" missed="3" covered="5"/><counter type="LINE" missed="5" covered="12"/><counter type="COMPLEXITY" missed="3" covered="2"/><counter type="METHOD" missed="0" covered="1"/></method><counter type="INSTRUCTION" missed="48" covered="71"/><counter type="BRANCH" missed="3" covered="5"/><counter type="LINE" missed="5" covered="12"/><counter type="COMPLEXITY" missed="3" covered="2"/><counter type="METHOD" missed="0" covered="1"/><counter type="CLASS" missed="0" covered="1"/></class><class name="com/smartsuschef/mobile/data/repository/ForecastRepository" sourcefilename="ForecastRepository.kt"><method name="&lt;init&gt;" desc="(Lcom/smartsuschef/mobile/network/api/ForecastApiService;)V" line="16"><counter type="INSTRUCTION" missed="0" covered="9"/><counter type="LINE" missed="0" covered="2"/><counter type="COMPLEXITY" missed="0" covered="1"/><counter type="METHOD" missed="0" covered="1"/></method><method name="getForecast" desc="(IILkotlin/coroutines/Continuation;)Ljava/lang/Object;" line="28"><counter type="INSTRUCTION" missed="0" covered="13"/><counter type="LINE" missed="0" covered="1"/><counter type="COMPLEXITY" missed="0" covered="1"/><counter type="METHOD" missed="0" covered="1"/></method><method name="getForecast$default" desc="(Lcom/smartsuschef/mobile/data/repository/ForecastRepository;IILkotlin/coroutines/Continuation;ILjava/lang/Object;)Ljava/lang/Object;" line="24"><counter type="INSTRUCTION" missed="0" covered="11"/><counter type="LINE" missed="0" covered="2"/><counter type="COMPLEXITY" missed="0" covered="1"/><counter type="METHOD" missed="0" covered="1"/></method><method name="getWeather" desc="(Lkotlin/coroutines/Continuation;)Ljava/lang/Object;" line="51"><counter type="INSTRUCTION" missed="0" covered="11"/><counter type="LINE" missed="0" covered="1"/><counter type="COMPLEXITY" missed="0" covered="1"/><counter type="METHOD" missed="0" covered="1"/></method><method name="getHolidays" desc="(ILkotlin/coroutines/Continuation;)Ljava/lang/Object;" line="74"><counter type="INSTRUCTION" missed="0" covered="12"/><counter type="LINE" missed="0" covered="1"/><counter type="COMPLEXITY" missed="0" covered="1"/><counter type="METHOD" missed="0" covered="1"/></method><counter type="INSTRUCTION" missed="0" covered="56"/><counter type="LINE" missed="0" covered="7"/><counter type="COMPLEXITY" missed="0" covered="5"/><counter type="METHOD" missed="0" covered="5"/><counter type="CLASS" missed="0" covered="1"/></class><class name="com/smartsuschef/mobile/data/repository/StoreRepository$getStore$2" sourcefilename="StoreRepository.kt"><method name="invokeSuspend" desc="(Ljava/lang/Object;)Ljava/lang/Object;" line="23"><counter type="INSTRUCTION" missed="25" covered="89"/><counter type="BRANCH" missed="2" covered="4"/><counter type="LINE" missed="2" covered="15"/><counter type="COMPLEXITY" missed="2" covered="2"/><counter type="METHOD" missed="0" covered="1"/></method><counter type="INSTRUCTION" missed="25" covered="89"/><counter type="BRANCH" missed="2" covered="4"/><counter type="LINE" missed="2" covered="15"/><counter type="COMPLEXITY" missed="2" covered="2"/><counter type="METHOD" missed="0" covered="1"/><counter type="CLASS" missed="0" covered="1"/></class><class name="com/smartsuschef/mobile/data/repository/AuthRepository$forgotPassword$2" sourcefilename="AuthRepository.kt"><method name="invokeSuspend" desc="(Ljava/lang/Object;)Ljava/lang/Object;" line="61"><counter type="INSTRUCTION" missed="20" covered="87"/><counter type="BRANCH" missed="0" covered="2"/><counter type="LINE" missed="2" covered="15"/><counter type="COMPLEXITY" missed="0" covered="2"/><counter type="METHOD" missed="0" covered="1"/></method><counter type="INSTRUCTION" missed="20" covered="87"/><counter type="BRANCH" missed="0" covered="2"/><counter type="LINE" missed="2" covered="15"/><counter type="COMPLEXITY" missed="0" covered="2"/><counter type="METHOD" missed="0" covered="1"/><counter type="CLASS" missed="0" covered="1"/></class><class name="com/smartsuschef/mobile/data/repository/UsersRepository" sourcefilename="UsersRepository.kt"><method name="&lt;init&gt;" desc="(Lcom/smartsuschef/mobile/network/api/AuthApiService;)V" line="15"><counter type="INSTRUCTION" missed="0" covered="9"/><counter type="LINE" missed="0" covered="2"/><counter type="COMPLEXITY" missed="0" covered="1"/><counter type="METHOD" missed="0" covered="1"/></method><method name="getCurrentUser" desc="(Lkotlin/coroutines/Continuation;)Ljava/lang/Object;" line="24"><counter type="INSTRUCTION" missed="0" covered="11"/><counter type="LINE" missed="0" covered="1"/><counter type="COMPLEXITY" missed="0" covered="1"/><counter type="METHOD" missed="0" covered="1"/></method><method name="updateUser" desc="(Lcom/smartsuschef/mobile/network/dto/UpdateProfileRequest;Lkotlin/coroutines/Continuation;)Ljava/lang/Object;" line="47"><counter type="INSTRUCTION" missed="0" covered="12"/><counter type="LINE" missed="0" covered="1"/><counter type="COMPLEXITY" missed="0" covered="1"/><counter type="METHOD" missed="0" covered="1"/></method><counter type="INSTRUCTION" missed="0" covered="32"/><counter type="LINE" missed="0" covered="4"/><counter type="COMPLEXITY" missed="0" covered="3"/><counter type="METHOD" missed="0" covered="3"/><counter type="CLASS" missed="0" covered="1"/></class><class name="com/smartsuschef/mobile/data/repository/RecipesRepository$getAll$2" sourcefilename="RecipesRepository.kt"><method name="invokeSuspend" desc="(Ljava/lang/Object;)Ljava/lang/Object;" line="24"><counter type="INSTRUCTION" missed="27" covered="90"/><counter type="BRANCH" missed="3" covered="5"/><counter type="LINE" missed="2" covered="15"/><counter type="COMPLEXITY" missed="3" covered="2"/><counter type="METHOD" missed="0" covered="1"/></method><counter type="INSTRUCTION" missed="27" covered="90"/><counter type="BRANCH" missed="3" covered="5"/><counter type="LINE" missed="2" covered="15"/><counter type="COMPLEXITY" missed="3" covered="2"/><counter type="METHOD" missed="0" covered="1"/><counter type="CLASS" missed="0" covered="1"/></class><class name="com/smartsuschef/mobile/data/repository/RecipesRepository$create$2" sourcefilename="RecipesRepository.kt"><method name="invokeSuspend" desc="(Ljava/lang/Object;)Ljava/lang/Object;" line="47"><counter type="INSTRUCTION" missed="25" covered="91"/><counter type="BRANCH" missed="2" covered="4"/><counter type="LINE" missed="2" covered="15"/><counter type="COMPLEXITY" missed="2" covered="2"/><counter type="METHOD" missed="0" covered="1"/></method><counter type="INSTRUCTION" missed="25" covered="91"/><counter type="BRANCH" missed="2" covered="4"/><counter type="LINE" missed="2" covered="15"/><counter type="COMPLEXITY" missed="2" covered="2"/><counter type="METHOD" missed="0" covered="1"/><counter type="CLASS" missed="0" covered="1"/></class><class name="com/smartsuschef/mobile/data/repository/AuthRepository$changePassword$2" sourcefilename="AuthRepository.kt"><method name="invokeSuspend" desc="(Ljava/lang/Object;)Ljava/lang/Object;" line="89"><counter type="INSTRUCTION" missed="26" covered="156"/><counter type="BRANCH" missed="3" covered="17"/><counter type="LINE" missed="2" covered="29"/><counter type="COMPLEXITY" missed="3" covered="8"/><counter type="METHOD" missed="0" covered="1"/></method><counter type="INSTRUCTION" missed="26" covered="156"/><counter type="BRANCH" missed="3" covered="17"/><counter type="LINE" missed="2" covered="29"/><counter type="COMPLEXITY" missed="3" covered="8"/><counter type="METHOD" missed="0" covered="1"/><counter type="CLASS" missed="0" covered="1"/></class><class name="com/smartsuschef/mobile/data/repository/SalesRepository" sourcefilename="SalesRepository.kt"><method name="&lt;init&gt;" desc="(Lcom/smartsuschef/mobile/network/api/SalesApiService;)V" line="19"><counter type="INSTRUCTION" missed="0" covered="9"/><counter type="LINE" missed="0" covered="2"/><counter type="COMPLEXITY" missed="0" covered="1"/><counter type="METHOD" missed="0" covered="1"/></method><method name="getAll" desc="(Ljava/lang/String;Ljava/lang/String;Lkotlin/coroutines/Continuation;)Ljava/lang/Object;" line="31"><counter type="INSTRUCTION" missed="0" covered="13"/><counter type="LINE" missed="0" covered="1"/><counter type="COMPLEXITY" missed="0" covered="1"/><counter type="METHOD" missed="0" covered="1"/></method><method name="getTrend" desc="(Ljava/lang/String;Ljava/lang/String;Lkotlin/coroutines/Continuation;)Ljava/lang/Object;" line="57"><counter type="INSTRUCTION" missed="0" covered="13"/><counter type="LINE" missed="0" covered="1"/><counter type="COMPLEXITY" missed="0" covered="1"/><counter type="METHOD" missed="0" covered="1"/></method><method name="getIngredientUsageByDate" desc="(Ljava/lang/String;Lkotlin/coroutines/Continuation;)Ljava/lang/Object;" line="80"><counter type="INSTRUCTION" missed="0" covered="12"/><counter type="LINE" missed="0" covered="1"/><counter type="COMPLEXITY" missed="0" covered="1"/><counter type="METHOD" missed="0" covered="1"/></method><method name="getRecipeSalesByDate" desc="(Ljava/lang/String;Lkotlin/coroutines/Continuation;)Ljava/lang/Object;" line="103"><counter type="INSTRUCTION" missed="0" covered="12"/><counter type="LINE" missed="0" covered="1"/><counter type="COMPLEXITY" missed="0" covered="1"/><counter type="METHOD" missed="0" covered="1"/></method><method name="create" desc="(Lcom/smartsuschef/mobile/network/dto/CreateSalesDataRequest;Lkotlin/coroutines/Continuation;)Ljava/lang/Object;" line="126"><counter type="INSTRUCTION" missed="0" covered="12"/><counter type="LINE" missed="0" covered="1"/><counter type="COMPLEXITY" missed="0" covered="1"/><counter type="METHOD" missed="0" covered="1"/></method><method name="update" desc="(Ljava/lang/String;Lcom/smartsuschef/mobile/network/dto/UpdateSalesDataRequest;Lkotlin/coroutines/Continuation;)Ljava/lang/Object;" line="152"><counter type="INSTRUCTION" missed="0" covered="13"/><counter type="LINE" missed="0" covered="1"/><counter type="COMPLEXITY" missed="0" covered="1"/><counter type="METHOD" missed="0" covered="1"/></method><method name="delete" desc="(Ljava/lang/String;Lkotlin/coroutines/Continuation;)Ljava/lang/Object;" line="175"><counter type="INSTRUCTION" missed="0" covered="12"/><counter type="LINE" missed="0" covered="1"/><counter type="COMPLEXITY" missed="0" covered="1"/><counter type="METHOD" missed="0" covered="1"/></method><counter type="INSTRUCTION" missed="0" covered="96"/><counter type="LINE" missed="0" covered="9"/><counter type="COMPLEXITY" missed="0" covered="8"/><counter type="METHOD" missed="0" covered="8"/><counter type="CLASS" missed="0" covered="1"/></class><class name="com/smartsuschef/mobile/data/repository/SalesRepository$Companion" sourcefilename="SalesRepository.kt"/><class name="com/smartsuschef/mobile/data/repository/AuthRepository$Companion" sourcefilename="AuthRepository.kt"/><class name="com/smartsuschef/mobile/data/repository/StoreRepository" sourcefilename="StoreRepository.kt"><method name="&lt;init&gt;" desc="(Lcom/smartsuschef/mobile/network/api/StoreApiService;)V" line="14"><counter type="INSTRUCTION" missed="0" covered="9"/><counter type="LINE" missed="0" covered="2"/><counter type="COMPLEXITY" missed="0" covered="1"/><counter type="METHOD" missed="0" covered="1"/></method><method name="getStore" desc="(Lkotlin/coroutines/Continuation;)Ljava/lang/Object;" line="23"><counter type="INSTRUCTION" missed="0" covered="11"/><counter type="LINE" missed="0" covered="1"/><counter type="COMPLEXITY" missed="0" covered="1"/><counter type="METHOD" missed="0" covered="1"/></method><counter type="INSTRUCTION" missed="0" covered="20"/><counter type="LINE" missed="0" covered="3"/><counter type="COMPLEXITY" missed="0" covered="2"/><counter type="METHOD" missed="0" covered="2"/><counter type="CLASS" missed="0" covered="1"/></class><class name="com/smartsuschef/mobile/data/repository/SalesRepository$getTrend$2" sourcefilename="SalesRepository.kt"><method name="invokeSuspend" desc="(Ljava/lang/Object;)Ljava/lang/Object;" line="57"><counter type="INSTRUCTION" missed="27" covered="94"/><counter type="BRANCH" missed="3" covered="5"/><counter type="LINE" missed="2" covered="15"/><counter type="COMPLEXITY" missed="3" covered="2"/><counter type="METHOD" missed="0" covered="1"/></method><counter type="INSTRUCTION" missed="27" covered="94"/><counter type="BRANCH" missed="3" covered="5"/><counter type="LINE" missed="2" covered="15"/><counter type="COMPLEXITY" missed="3" covered="2"/><counter type="METHOD" missed="0" covered="1"/><counter type="CLASS" missed="0" covered="1"/></class><class name="com/smartsuschef/mobile/data/repository/WastageRepository$Companion" sourcefilename="WastageRepository.kt"/><class name="com/smartsuschef/mobile/data/repository/IngredientsRepository$create$2" sourcefilename="IngredientsRepository.kt"><method name="invokeSuspend" desc="(Ljava/lang/Object;)Ljava/lang/Object;" line="47"><counter type="INSTRUCTION" missed="25" covered="91"/><counter type="BRANCH" missed="2" covered="4"/><counter type="LINE" missed="2" covered="15"/><counter type="COMPLEXITY" missed="2" covered="2"/><counter type="METHOD" missed="0" covered="1"/></method><counter type="INSTRUCTION" missed="25" covered="91"/><counter type="BRANCH" missed="2" covered="4"/><counter type="LINE" missed="2" covered="15"/><counter type="COMPLEXITY" missed="2" covered="2"/><counter type="METHOD" missed="0" covered="1"/><counter type="CLASS" missed="0" covered="1"/></class><class name="com/smartsuschef/mobile/data/repository/AuthRepository" sourcefilename="AuthRepository.kt"><method name="&lt;init&gt;" desc="(Lcom/smartsuschef/mobile/network/api/AuthApiService;Lcom/smartsuschef/mobile/data/TokenManager;)V" line="20"><counter type="INSTRUCTION" missed="0" covered="15"/><counter type="LINE" missed="0" covered="3"/><counter type="COMPLEXITY" missed="0" covered="1"/><counter type="METHOD" missed="0" covered="1"/></method><method name="login" desc="(Lcom/smartsuschef/mobile/network/dto/LoginRequest;Lkotlin/coroutines/Continuation;)Ljava/lang/Object;" line="36"><counter type="INSTRUCTION" missed="0" covered="12"/><counter type="LINE" missed="0" covered="1"/><counter type="COMPLEXITY" missed="0" covered="1"/><counter type="METHOD" missed="0" covered="1"/></method><method name="forgotPassword" desc="(Lcom/smartsuschef/mobile/network/dto/ForgotPasswordRequest;Lkotlin/coroutines/Continuation;)Ljava/lang/Object;" line="61"><counter type="INSTRUCTION" missed="0" covered="12"/><counter type="LINE" missed="0" covered="1"/><counter type="COMPLEXITY" missed="0" covered="1"/><counter type="METHOD" missed="0" covered="1"/></method><method name="changePassword" desc="(Lcom/smartsuschef/mobile/network/dto/ChangePasswordRequest;Lkotlin/coroutines/Continuation;)Ljava/lang/Object;" line="89"><counter type="INSTRUCTION" missed="0" covered="12"/><counter type="LINE" missed="0" covered="1"/><counter type="COMPLEXITY" missed="0" covered="1"/><counter type="METHOD" missed="0" covered="1"/></method><method name="logout" desc="()V" line="136"><counter type="INSTRUCTION" missed="0" covered="4"/><counter type="LINE" missed="0" covered="2"/><counter type="COMPLEXITY" missed="0" covered="1"/><counter type="METHOD" missed="0" covered="1"/></method><method name="isUserLoggedIn" desc="()Z" line="143"><counter type="INSTRUCTION" missed="0" covered="18"/><counter type="BRANCH" missed="0" covered="6"/><counter type="LINE" missed="0" covered="1"/><counter type="COMPLEXITY" missed="0" covered="4"/><counter type="METHOD" missed="0" covered="1"/></method><counter type="INSTRUCTION" missed="0" covered="73"/><counter type="BRANCH" missed="0" covered="6"/><counter type="LINE" missed="0" covered="9"/><counter type="COMPLEXITY" missed="0" covered="9"/><counter type="METHOD" missed="0" covered="6"/><counter type="CLASS" missed="0" covered="1"/></class><class name="com/smartsuschef/mobile/data/repository/SalesRepository$update$2" sourcefilename="SalesRepository.kt"><method name="invokeSuspend" desc="(Ljava/lang/Object;)Ljava/lang/Object;" line="152"><counter type="INSTRUCTION" missed="46" covered="72"/><counter type="BRANCH" missed="2" covered="4"/><counter type="LINE" missed="5" covered="12"/><counter type="COMPLEXITY" missed="2" covered="2"/><counter type="METHOD" missed="0" covered="1"/></method><counter type="INSTRUCTION" missed="46" covered="72"/><counter type="BRANCH" missed="2" covered="4"/><counter type="LINE" missed="5" covered="12"/><counter type="COMPLEXITY" missed="2" covered="2"/><counter type="METHOD" missed="0" covered="1"/><counter type="CLASS" missed="0" covered="1"/></class><class name="com/smartsuschef/mobile/data/r
[...]
" covered="39"/><counter type="LINE" missed="0" covered="8"/><counter type="COMPLEXITY" missed="0" covered="1"/><counter type="METHOD" missed="0" covered="1"/></method><method name="formatDateForApi" desc="(Ljava/util/Date;)Ljava/lang/String;" line="49"><counter type="INSTRUCTION" missed="0" covered="16"/><counter type="LINE" missed="0" covered="2"/><counter type="COMPLEXITY" missed="0" covered="1"/><counter type="METHOD" missed="0" covered="1"/></method><method name="getStartDateByRole" desc="(Z)Ljava/lang/String;" line="55"><counter type="INSTRUCTION" missed="0" covered="10"/><counter type="BRANCH" missed="0" covered="2"/><counter type="LINE" missed="0" covered="2"/><counter type="COMPLEXITY" missed="0" covered="2"/><counter type="METHOD" missed="0" covered="1"/></method><method name="isToday" desc="(Ljava/lang/String;)Z" line="61"><counter type="INSTRUCTION" missed="0" covered="8"/><counter type="LINE" missed="0" covered="1"/><counter type="COMPLEXITY" missed="0" covered="1"/><counter type="METHOD" missed="0" covered="1"/></method><method name="getCurrentTimestamp" desc="()Ljava/lang/String;" line="66"><counter type="INSTRUCTION" missed="0" covered="15"/><counter type="LINE" missed="0" covered="2"/><counter type="COMPLEXITY" missed="0" covered="1"/><counter type="METHOD" missed="0" covered="1"/></method><counter type="INSTRUCTION" missed="0" covered="144"/><counter type="BRANCH" missed="0" covered="2"/><counter type="LINE" missed="0" covered="25"/><counter type="COMPLEXITY" missed="0" covered="9"/><counter type="METHOD" missed="0" covered="8"/><counter type="CLASS" missed="0" covered="1"/></class><class name="com/smartsuschef/mobile/util/DefaultDateProvider" sourcefilename="DefaultDateProvider.kt"><method name="&lt;init&gt;" desc="()V" line="7"><counter type="INSTRUCTION" missed="3" covered="0"/><counter type="LINE" missed="1" covered="0"/><counter type="COMPLEXITY" missed="1" covered="0"/><counter type="METHOD" missed="1" covered="0"/></method><method name="getCurrentDate" desc="()Ljava/util/Date;" line="9"><counter type="INSTRUCTION" missed="4" covered="0"/><counter type="LINE" missed="1" covered="0"/><counter type="COMPLEXITY" missed="1" covered="0"/><counter type="METHOD" missed="1" covered="0"/></method><counter type="INSTRUCTION" missed="7" covered="0"/><counter type="LINE" missed="2" covered="0"/><counter type="COMPLEXITY" missed="2" covered="0"/><counter type="METHOD" missed="2" covered="0"/><counter type="CLASS" missed="1" covered="0"/></class><sourcefile name="EmailValidator.kt"><line nr="13" mi="0" ci="3" mb="0" cb="0"/><line nr="16" mi="0" ci="6" mb="0" cb="0"/><line nr="26" mi="0" ci="7" mb="0" cb="0"/><counter type="INSTRUCTION" missed="0" covered="24"/><counter type="LINE" missed="0" covered="3"/><counter type="COMPLEXITY" missed="0" covered="3"/><counter type="METHOD" missed="0" covered="3"/><counter type="CLASS" missed="0" covered="1"/></sourcefile><sourcefile name="Constants.kt"/><sourcefile name="DateProvider.kt"/><sourcefile name="EmailValidator_Factory.java"><line nr="39" mi="5" ci="0" mb="0" cb="0"/><counter type="INSTRUCTION" missed="5" covered="0"/><counter type="LINE" missed="1" covered="0"/><counter type="COMPLEXITY" missed="1" covered="0"/><counter type="METHOD" missed="1" covered="0"/><counter type="CLASS" missed="1" covered="0"/></sourcefile><sourcefile name="PasswordValidator.kt"><line nr="21" mi="31" ci="3" mb="0" cb="0"/><line nr="22" mi="0" ci="6" mb="0" cb="0"/><line nr="23" mi="2" ci="6" mb="0" cb="0"/><line nr="24" mi="2" ci="6" mb="0" cb="0"/><line nr="25" mi="2" ci="6" mb="0" cb="0"/><line nr="26" mi="2" ci="6" mb="0" cb="0"/><line nr="27" mi="2" ci="6" mb="0" cb="0"/><line nr="28" mi="2" ci="6" mb="0" cb="0"/><line nr="29" mi="2" ci="6" mb="0" cb="0"/><line nr="30" mi="1" ci="0" mb="0" cb="0"/><line nr="34" mi="0" ci="8" mb="0" cb="2"/><line nr="35" mi="0" ci="8" mb="0" cb="2"/><line nr="36" mi="0" ci="9" mb="0" cb="0"/><line nr="37" mi="0" ci="9" mb="0" cb="0"/><line nr="38" mi="0" ci="9" mb="0" cb="0"/><line nr="39" mi="0" ci="13" mb="0" cb="0"/><line nr="41" mi="0" ci="1" mb="0" cb="0"/><line nr="42" mi="0" ci="6" mb="0" cb="6"/><line nr="43" mi="0" ci="9" mb="0" cb="6"/><line nr="45" mi="0" ci="1" mb="0" cb="0"/><line nr="46" mi="0" ci="1" mb="0" cb="0"/><line nr="47" mi="0" ci="4" mb="0" cb="2"/><line nr="48" mi="0" ci="4" mb="0" cb="2"/><line nr="49" mi="0" ci="4" mb="0" cb="2"/><line nr="50" mi="0" ci="4" mb="0" cb="2"/><line nr="51" mi="0" ci="4" mb="0" cb="2"/><line nr="52" mi="0" ci="4" mb="0" cb="2"/><line nr="53" mi="0" ci="1" mb="0" cb="0"/><line nr="56" mi="0" ci="4" mb="0" cb="0"/><line nr="57" mi="0" ci="1" mb="0" cb="0"/><line nr="58" mi="0" ci="1" mb="0" cb="0"/><line nr="59" mi="0" ci="1" mb="0" cb="0"/><line nr="60" mi="0" ci="1" mb="0" cb="0"/><line nr="61" mi="0" ci="1" mb="0" cb="0"/><line nr="62" mi="0" ci="1" mb="0" cb="0"/><line nr="63" mi="0" ci="1" mb="0" cb="0"/><line nr="64" mi="0" ci="1" mb="0" cb="0"/><line nr="70" mi="0" ci="5" mb="0" cb="0"/><line nr="75" mi="0" ci="5" mb="0" cb="0"/><line nr="80" mi="0" ci="2" mb="0" cb="0"/><line nr="81" mi="0" ci="16" mb="0" cb="0"/><line nr="82" mi="0" ci="2" mb="0" cb="0"/><line nr="83" mi="0" ci="2" mb="0" cb="0"/><line nr="84" mi="0" ci="2" mb="0" cb="0"/><line nr="85" mi="0" ci="2" mb="0" cb="0"/><line nr="91" mi="0" ci="4" mb="0" cb="0"/><line nr="92" mi="0" ci="2" mb="0" cb="0"/><line nr="93" mi="0" ci="20" mb="0" cb="0"/><line nr="94" mi="0" ci="6" mb="0" cb="0"/><line nr="95" mi="0" ci="6" mb="0" cb="0"/><line nr="96" mi="0" ci="6" mb="0" cb="0"/><line nr="97" mi="0" ci="6" mb="0" cb="0"/><counter type="INSTRUCTION" missed="46" covered="260"/><counter type="BRANCH" missed="0" covered="28"/><counter type="LINE" missed="1" covered="51"/><counter type="COMPLEXITY" missed="1" covered="28"/><counter type="METHOD" missed="1" covered="14"/><counter type="CLASS" missed="0" covered="2"/></sourcefile><sourcefile name="DefaultDateProvider.kt"><line nr="7" mi="3" ci="0" mb="0" cb="0"/><line nr="9" mi="4" ci="0" mb="0" cb="0"/><counter type="INSTRUCTION" missed="7" covered="0"/><counter type="LINE" missed="2" covered="0"/><counter type="COMPLEXITY" missed="2" covered="0"/><counter type="METHOD" missed="2" covered="0"/><counter type="CLASS" missed="1" covered="0"/></sourcefile><sourcefile name="DateUtils.kt"><line nr="14" mi="0" ci="6" mb="0" cb="0"/><line nr="15" mi="0" ci="9" mb="0" cb="0"/><line nr="20" mi="0" ci="2" mb="0" cb="0"/><line nr="21" mi="0" ci="5" mb="0" cb="0"/><line nr="22" mi="0" ci="6" mb="0" cb="0"/><line nr="23" mi="0" ci="8" mb="0" cb="0"/><line nr="28" mi="0" ci="2" mb="0" cb="0"/><line nr="29" mi="0" ci="4" mb="0" cb="0"/><line nr="30" mi="0" ci="6" mb="0" cb="0"/><line nr="31" mi="0" ci="8" mb="0" cb="0"/><line nr="36" mi="0" ci="2" mb="0" cb="0"/><line nr="37" mi="0" ci="6" mb="0" cb="0"/><line nr="38" mi="0" ci="6" mb="0" cb="0"/><line nr="39" mi="0" ci="4" mb="0" cb="0"/><line nr="40" mi="0" ci="7" mb="0" cb="0"/><line nr="41" mi="0" ci="1" mb="0" cb="0"/><line nr="42" mi="0" ci="7" mb="0" cb="0"/><line nr="43" mi="0" ci="3" mb="0" cb="0"/><line nr="49" mi="0" ci="6" mb="0" cb="0"/><line nr="50" mi="0" ci="7" mb="0" cb="0"/><line nr="55" mi="0" ci="6" mb="0" cb="2"/><line nr="56" mi="0" ci="4" mb="0" cb="0"/><line nr="61" mi="0" ci="5" mb="0" cb="0"/><line nr="66" mi="0" ci="6" mb="0" cb="0"/><line nr="67" mi="0" ci="9" mb="0" cb="0"/><counter type="INSTRUCTION" missed="0" covered="144"/><counter type="BRANCH" missed="0" covered="2"/><counter type="LINE" missed="0" covered="25"/><counter type="COMPLEXITY" missed="0" covered="9"/><counter type="METHOD" missed="0" covered="8"/><counter type="CLASS" missed="0" covered="1"/></sourcefile><sourcefile name="Extensions.kt"><line nr="12" mi="0" ci="8" mb="0" cb="0"/><line nr="14" mi="0" ci="2" mb="0" cb="0"/><line nr="16" mi="0" ci="6" mb="0" cb="0"/><line nr="17" mi="0" ci="1" mb="0" cb="0"/><line nr="21" mi="0" ci="3" mb="0" cb="0"/><line nr="22" mi="0" ci="1" mb="0" cb="0"/><line nr="25" mi="0" ci="3" mb="0" cb="0"/><line nr="26" mi="0" ci="1" mb="0" cb="0"/><line nr="29" mi="3" ci="0" mb="0" cb="0"/><line nr="30" mi="1" ci="0" mb="0" cb="0"/><line nr="32" mi="8" ci="0" mb="0" cb="0"/><line nr="34" mi="2" ci="0" mb="0" cb="0"/><line nr="36" mi="6" ci="0" mb="0" cb="0"/><line nr="37" mi="1" ci="0" mb="0" cb="0"/><line nr="45" mi="4" ci="0" mb="0" cb="0"/><line nr="46" mi="7" ci="0" mb="2" cb="0"/><line nr="47" mi="1" ci="0" mb="0" cb="0"/><line nr="51" mi="3" ci="0" mb="0" cb="0"/><line nr="52" mi="3" ci="0" mb="0" cb="0"/><line nr="53" mi="1" ci="0" mb="0" cb="0"/><line nr="57" mi="13" ci="0" mb="6" cb="0"/><line nr="64" mi="1" ci="0" mb="0" cb="0"/><line nr="65" mi="8" ci="0" mb="0" cb="0"/><line nr="73" mi="1" ci="0" mb="0" cb="0"/><line nr="82" mi="1" ci="0" mb="0" cb="0"/><line nr="85" mi="9" ci="0" mb="4" cb="0"/><line nr="86" mi="6" ci="0" mb="0" cb="0"/><line nr="87" mi="5" ci="0" mb="0" cb="0"/><line nr="88" mi="1" ci="0" mb="0" cb="0"/><line nr="90" mi="9" ci="0" mb="2" cb="0"/><line nr="91" mi="3" ci="0" mb="0" cb="0"/><line nr="97" mi="3" ci="0" mb="0" cb="0"/><line nr="98" mi="4" ci="0" mb="0" cb="0"/><line nr="99" mi="5" ci="0" mb="0" cb="0"/><line nr="100" mi="3" ci="0" mb="0" cb="0"/><line nr="105" mi="3" ci="0" mb="0" cb="0"/><line nr="106" mi="3" ci="0" mb="0" cb="0"/><line nr="108" mi="5" ci="0" mb="2" cb="0"/><line nr="109" mi="4" ci="0" mb="0" cb="0"/><line nr="110" mi="2" ci="0" mb="0" cb="0"/><line nr="112" mi="2" ci="0" mb="0" cb="0"/><line nr="113" mi="1" ci="0" mb="0" cb="0"/><line nr="118" mi="9" ci="0" mb="0" cb="0"/><line nr="119" mi="3" ci="0" mb="0" cb="0"/><line nr="120" mi="5" ci="0" mb="2" cb="0"/><line nr="121" mi="5" ci="0" mb="0" cb="0"/><line nr="122" mi="2" ci="0" mb="0" cb="0"/><line nr="124" mi="2" ci="0" mb="0" cb="0"/><line nr="125" mi="1" ci="0" mb="0" cb="0"/><line nr="132" mi="5" ci="0" mb="0" cb="0"/><line nr="136" mi="3" ci="0" mb="0" cb="0"/><line nr="138" mi="2" ci="0" mb="0" cb="0"/><line nr="139" mi="4" ci="0" mb="2" cb="0"/><line nr="140" mi="4" ci="0" mb="0" cb="0"/><line nr="141" mi="2" ci="0" mb="0" cb="0"/><line nr="143" mi="6" ci="0" mb="2" cb="0"/><line nr="144" mi="4" ci="0" mb="0" cb="0"/><line nr="145" mi="2" ci="0" mb="0" cb="0"/><line nr="148" mi="2" ci="0" mb="0" cb="0"/><line nr="149" mi="1" ci="0" mb="0" cb="0"/><counter type="INSTRUCTION" missed="242" covered="37"/><counter type="BRANCH" missed="22" covered="0"/><counter type="LINE" missed="52" covered="8"/><counter type="COMPLEXITY" missed="27" covered="4"/><counter type="METHOD" missed="16" covered="4"/><counter type="CLASS" missed="1" covered="1"/></sourcefile><sourcefile name="ApdexInterceptor.kt"><line nr="9" mi="0" ci="3" mb="0" cb="0"/><line nr="16" mi="0" ci="2" mb="0" cb="0"/><line nr="17" mi="0" ci="3" mb="0" cb="0"/><line nr="18" mi="0" ci="4" mb="0" cb="0"/><line nr="19" mi="0" ci="7" mb="0" cb="0"/><line nr="21" mi="0" ci="2" mb="0" cb="0"/><line nr="22" mi="0" ci="1" mb="0" cb="0"/><line nr="23" mi="0" ci="20" mb="0" cb="0"/><line nr="24" mi="0" ci="2" mb="0" cb="0"/><line nr="25" mi="0" ci="2" mb="0" cb="0"/><line nr="26" mi="0" ci="10" mb="0" cb="0"/><line nr="30" mi="0" ci="2" mb="0" cb="0"/><counter type="INSTRUCTION" missed="0" covered="61"/><counter type="LINE" missed="0" covered="12"/><counter type="COMPLEXITY" missed="0" covered="2"/><counter type="METHOD" missed="0" covered="2"/><counter type="CLASS" missed="0" covered="1"/></sourcefile><sourcefile name="Resource.kt"><line nr="3" mi="0" ci="14" mb="0" cb="0"/><line nr="4" mi="0" ci="8" mb="0" cb="0"/><line nr="5" mi="0" ci="8" mb="0" cb="0"/><line nr="6" mi="0" ci="1" mb="0" cb="0"/><line nr="7" mi="0" ci="16" mb="0" cb="0"/><line nr="9" mi="0" ci="16" mb="0" cb="0"/><line nr="11" mi="0" ci="7" mb="0" cb="0"/><counter type="INSTRUCTION" missed="0" covered="73"/><counter type="LINE" missed="0" covered="7"/><counter type="COMPLEXITY" missed="0" covered="9"/><counter type="METHOD" missed="0" covered="9"/><counter type="CLASS" missed="0" covered="4"/></sourcefile><sourcefile name="DefaultDateProvider_Factory.java"><line nr="39" mi="5" ci="0" mb="0" cb="0"/><counter type="INSTRUCTION" missed="5" covered="0"/><counter type="LINE" missed="1" covered="0"/><counter type="COMPLEXITY" missed="1" covered="0"/><counter type="METHOD" missed="1" covered="0"/><counter type="CLASS" missed="1" covered="0"/></sourcefile><counter type="INSTRUCTION" missed="305" covered="599"/><counter type="BRANCH" missed="22" covered="30"/><counter type="LINE" missed="57" covered="106"/><counter type="COMPLEXITY" missed="32" covered="55"/><counter type="METHOD" missed="21" covered="40"/><counter type="CLASS" missed="4" covered="10"/></package><package name="com/smartsuschef/mobile/data"><class name="com/smartsuschef/mobile/data/TokenManager$getToken$1" sourcefilename="TokenManager.kt"><method name="invokeSuspend" desc="(Ljava/lang/Object;)Ljava/lang/Object;" line="81"><counter type="INSTRUCTION" missed="0" covered="11"/><counter type="LINE" missed="0" covered="1"/><counter type="COMPLEXITY" missed="0" covered="1"/><counter type="METHOD" missed="0" covered="1"/></method><counter type="INSTRUCTION" missed="0" covered="11"/><counter type="LINE" missed="0" covered="1"/><counter type="COMPLEXITY" missed="0" covered="1"/><counter type="METHOD" missed="0" covered="1"/><counter type="CLASS" missed="0" covered="1"/></class><class name="com/smartsuschef/mobile/data/TokenManager$Companion" sourcefilename="TokenManager.kt"/><class name="com/smartsuschef/mobile/data/TokenManager" sourcefilename="TokenManager.kt"><method name="&lt;init&gt;" desc="(Landroid/content/Context;)V" line="17"><counter type="INSTRUCTION" missed="0" covered="39"/><counter type="LINE" missed="0" covered="8"/><counter type="COMPLEXITY" missed="0" covered="1"/><counter type="METHOD" missed="0" covered="1"/></method><method name="getMasterKey" desc="()Landroidx/security/crypto/MasterKey;" line="22"><counter type="INSTRUCTION" missed="0" covered="7"/><counter type="LINE" missed="0" covered="1"/><counter type="COMPLEXITY" missed="0" covered="1"/><counter type="METHOD" missed="0" covered="1"/></method><method name="getSharedPreferences" desc="()Landroid/content/SharedPreferences;" line="36"><counter type="INSTRUCTION" missed="0" covered="7"/><counter type="LINE" missed="0" covered="1"/><counter type="COMPLEXITY" missed="0" covered="1"/><counter type="METHOD" missed="0" covered="1"/></method><method name="getAuthTokenFlow" desc="()Lkotlinx/coroutines/flow/Flow;" line="47"><counter type="INSTRUCTION" missed="3" covered="0"/><counter type="LINE" missed="1" covered="0"/><counter type="COMPLEXITY" missed="1" covered="0"/><counter type="METHOD" missed="1" covered="0"/></method><method name="saveToken" desc="(Ljava/lang/String;)V" line="58"><counter type="INSTRUCTION" missed="0" covered="15"/><counter type="LINE" missed="0" covered="3"/><counter type="COMPLEXITY" missed="0" covered="1"/><counter type="METHOD" missed="0" covered="1"/></method><method name="getTokenFlow" desc="()Lkotlinx/coroutines/flow/Flow;" line="72"><counter type="INSTRUCTION" missed="0" covered="3"/><counter type="LINE" missed="0" covered="1"/><counter type="COMPLEXITY" missed="0" covered="1"/><counter type="METHOD" missed="0" covered="1"/></method><method name="getToken" desc="()Ljava/lang/String;" line="80"><counter type="INSTRUCTION" missed="0" covered="12"/><counter type="LINE" missed="0" covered="2"/><counter type="COMPLEXITY" missed="0" covered="1"/><counter type="METHOD" missed="0" covered="1"/></method><method name="saveUserRole" desc="(Ljava/lang/String;)V" line="88"><counter type="INSTRUCTION" missed="0" covered="11"/><counter type="LINE" missed="0" covered="2"/><counter type="COMPLEXITY" missed="0" covered="1"/><counter type="METHOD" missed="0" covered="1"/></method><method name="getUserRole" desc="()Ljava/lang/String;" line="95"><counter type="INSTRUCTION" missed="0" covered="6"/><counter type="LINE" missed="0" covered="1"/><counter type="COMPLEXITY" missed="0" covered="1"/><counter type="METHOD" missed="0" covered="1"/></method><method name="clearSession" desc="()V" line="102"><counter type="INSTRUCTION" missed="0" covered="13"/><counter type="LINE" missed="0" covered="6"/><counter type="COMPLEXITY" missed="0" covered="1"/><counter type="METHOD" missed="0" covered="1"/></method><method name="masterKey_delegate$lambda$0" desc="(Lcom/smartsuschef/mobile/data/TokenManager;)Landroidx/security/crypto/MasterKey;" line="23"><counter type="INSTRUCTION" missed="0" covered="42"/><counter type="LINE" missed="0" covered="11"/><counter type="COMPLEXITY" missed="0" covered="1"/><counter type="METHOD" missed="0" covered="1"/></method><method name="sharedPreferences_delegate$lambda$1" desc="(Lcom/smartsuschef/mobile/data/TokenManager;)Landroid/content/SharedPreferences;" line="37"><counter type="INSTRUCTION" missed="0" covered="12"/><counter type="LINE" missed="0" covered="7"/><counter type="COMPLEXITY" missed="0" covered="1"/><counter type="METHOD" missed="0" covered="1"/></method><counter type="INSTRUCTION" missed="3" covered="167"/><counter type="LINE" missed="0" covered="41"/><counter type="COMPLEXITY" missed="1" covered="11"/><counter type="METHOD" missed="1" covered="11"/><counter type="CLASS" missed="0" covered="1"/></class><sourcefile name="TokenManager.kt"><line nr="17" mi="0" ci="6" mb="0" cb="0"/><line nr="22" mi="0" ci="12" mb="0" cb="0"/><line nr="23" mi="0" ci="1" mb="0" cb="0"/><line nr="24" mi="0" ci="3" mb="0" cb="0"/><line nr="25" mi="0" ci="1" mb="0" cb="0"/><line nr="26" mi="0" ci="1" mb="0" cb="0"/><line nr="28" mi="0" ci="9" mb="0" cb="0"/><line nr="29" mi="0" ci="9" mb="0" cb="0"/><line nr="30" mi="0" ci="2" mb="0" cb="0"/><line nr="31" mi="0" ci="4" mb="0" cb="0"/><line nr="32" mi="0" ci="5" mb="0" cb="0"/><line nr="33" mi="0" ci="2" mb="0" cb="0"/><line nr="34" mi="0" ci="5" mb="0" cb="0"/><line nr="36" mi="0" ci="12" mb="0" cb="0"/><line nr="37" mi="0" ci="4" mb="0" cb="0"/><line nr="38" mi="0" ci="2" mb="0" cb="0"/><line nr="39" mi="0" ci="1" mb="0" cb="0"/><line nr="40" mi="0" ci="2" mb="0" cb="0"/><line nr="41" mi="0" ci="1" mb="0" cb="0"/><line nr="42" mi="0" ci="1" mb="0" cb="0"/><line nr="43" mi="0" ci="1" mb="0" cb="0"/><line nr="46" mi="0" ci="4" mb="0" cb="0"/><line nr="47" mi="3" ci="6" mb="0" cb="0"/><line nr="49" mi="0" ci="1" mb="0" cb="0"/><line nr="51" mi="0" ci="8" mb="0" cb="0"/><line nr="52" mi="0" ci="1" mb="0" cb="0"/><line nr="58" mi="0" ci="7" mb="0" cb="0"/><line nr="59" mi="0" ci="4" mb="0" cb="0"/><line nr="60" mi="0" ci="1" mb="0" cb="0"/><line nr="72" mi="0" ci="3" mb="0" cb="0"/><line nr="80" mi="0" ci="11" mb="0" cb="0"/><line nr="81" mi="0" ci="11" mb="0" cb="0"/><line nr="82" mi="0" ci="1" mb="0" cb="0"/><line nr="88" mi="0" ci="7" mb="0" cb="0"/><line nr="89" mi="0" ci="1" mb="0" cb="0"/><line nr="95" mi="0" ci="6" mb="0" cb="0"/><line nr="102" mi="0" ci="3" mb="0" cb="0"/><line nr="103" mi="0" ci="2" mb="0" cb="0"/><line nr="104" mi="0" ci="2" mb="0" cb="0"/><line nr="105" mi="0" ci="1" mb="0" cb="0"/><line nr="106" mi="0" ci="4" mb="0" cb="0"/><line nr="107" mi="0" ci="1" mb="0" cb="0"/><counter type="INSTRUCTION" missed="3" covered="178"/><counter type="LINE" missed="0" covered="42"/><counter type="COMPLEXITY" missed="1" covered="12"/><counter type="METHOD" missed="1" covered="12"/><counter type="CLASS" missed="0" covered="2"/></sourcefile><counter type="INSTRUCTION" missed="3" covered="178"/><counter type="LINE" missed="0" covered="42"/><counter type="COMPLEXITY" missed="1" covered="12"/><counter type="METHOD" missed="1" covered="12"/><counter type="CLASS" missed="0" covered="2"/></package><counter type="INSTRUCTION" missed="3957" covered="16944"/><counter type="BRANCH" missed="531" covered="750"/><counter type="LINE" missed="451" covered="2790"/><counter type="COMPLEXITY" missed="610" covered="943"/><counter type="METHOD" missed="162" covered="746"/><counter type="CLASS" missed="12" covered="209"/></report>